{"/Users/clintgc/SpaceMonkeyII/functions/alert-handler/index.ts": {"path":"/Users/clintgc/SpaceMonkeyII/functions/alert-handler/index.ts","statementMap":{"0":{"start":{"line":2,"column":0},"end":{"line":2,"column":67}},"1":{"start":{"line":3,"column":0},"end":{"line":3,"column":73}},"2":{"start":{"line":4,"column":0},"end":{"line":4,"column":61}},"3":{"start":{"line":6,"column":0},"end":{"line":6,"column":75}},"4":{"start":{"line":7,"column":0},"end":{"line":7,"column":58}},"5":{"start":{"line":8,"column":0},"end":{"line":8,"column":69}},"6":{"start":{"line":9,"column":0},"end":{"line":9,"column":37}},"7":{"start":{"line":11,"column":18},"end":{"line":11,"column":69}},"8":{"start":{"line":12,"column":18},"end":{"line":12,"column":79}},"9":{"start":{"line":13,"column":18},"end":{"line":13,"column":35}},"10":{"start":{"line":16,"column":34},"end":{"line":16,"column":38}},"11":{"start":{"line":17,"column":53},"end":{"line":17,"column":57}},"12":{"start":{"line":26,"column":2},"end":{"line":28,"column":3}},"13":{"start":{"line":27,"column":4},"end":{"line":27,"column":11}},"14":{"start":{"line":31,"column":2},"end":{"line":33,"column":3}},"15":{"start":{"line":32,"column":4},"end":{"line":32,"column":36}},"16":{"start":{"line":36,"column":2},"end":{"line":83,"column":7}},"17":{"start":{"line":37,"column":23},"end":{"line":37,"column":49}},"18":{"start":{"line":40,"column":4},"end":{"line":53,"column":5}},"19":{"start":{"line":41,"column":6},"end":{"line":52,"column":7}},"20":{"start":{"line":42,"column":24},"end":{"line":45,"column":10}},"21":{"start":{"line":46,"column":25},"end":{"line":46,"column":54}},"22":{"start":{"line":47,"column":8},"end":{"line":47,"column":49}},"23":{"start":{"line":49,"column":8},"end":{"line":49,"column":72}},"24":{"start":{"line":50,"column":8},"end":{"line":50,"column":40}},"25":{"start":{"line":51,"column":8},"end":{"line":51,"column":15}},"26":{"start":{"line":55,"column":4},"end":{"line":59,"column":5}},"27":{"start":{"line":56,"column":6},"end":{"line":56,"column":81}},"28":{"start":{"line":57,"column":6},"end":{"line":57,"column":38}},"29":{"start":{"line":58,"column":6},"end":{"line":58,"column":13}},"30":{"start":{"line":61,"column":4},"end":{"line":82,"column":5}},"31":{"start":{"line":64,"column":24},"end":{"line":64,"column":48}},"32":{"start":{"line":66,"column":6},"end":{"line":75,"column":7}},"33":{"start":{"line":67,"column":8},"end":{"line":71,"column":11}},"34":{"start":{"line":72,"column":8},"end":{"line":72,"column":59}},"35":{"start":{"line":74,"column":8},"end":{"line":74,"column":100}},"36":{"start":{"line":77,"column":6},"end":{"line":77,"column":56}},"37":{"start":{"line":78,"column":6},"end":{"line":78,"column":104}},"38":{"start":{"line":79,"column":6},"end":{"line":79,"column":99}},"39":{"start":{"line":81,"column":6},"end":{"line":81,"column":38}},"40":{"start":{"line":85,"column":2},"end":{"line":85,"column":34}},"41":{"start":{"line":88,"column":23},"end":{"line":208,"column":1}},"42":{"start":{"line":89,"column":2},"end":{"line":89,"column":71}},"43":{"start":{"line":91,"column":2},"end":{"line":207,"column":3}},"44":{"start":{"line":92,"column":4},"end":{"line":206,"column":5}},"45":{"start":{"line":93,"column":41},"end":{"line":93,"column":71}},"46":{"start":{"line":94,"column":58},"end":{"line":94,"column":70}},"47":{"start":{"line":97,"column":25},"end":{"line":101,"column":null}},"48":{"start":{"line":104,"column":23},"end":{"line":104,"column":89}},"49":{"start":{"line":107,"column":6},"end":{"line":107,"column":45}},"50":{"start":{"line":110,"column":6},"end":{"line":200,"column":7}},"51":{"start":{"line":113,"column":31},"end":{"line":113,"column":61}},"52":{"start":{"line":114,"column":30},"end":{"line":114,"column":59}},"53":{"start":{"line":115,"column":32},"end":{"line":115,"column":63}},"54":{"start":{"line":118,"column":8},"end":{"line":130,"column":9}},"55":{"start":{"line":119,"column":10},"end":{"line":129,"column":11}},"56":{"start":{"line":120,"column":29},"end":{"line":124,"column":null}},"57":{"start":{"line":126,"column":12},"end":{"line":126,"column":57}},"58":{"start":{"line":128,"column":12},"end":{"line":128,"column":79}},"59":{"start":{"line":131,"column":8},"end":{"line":143,"column":9}},"60":{"start":{"line":132,"column":10},"end":{"line":142,"column":11}},"61":{"start":{"line":133,"column":31},"end":{"line":137,"column":null}},"62":{"start":{"line":139,"column":12},"end":{"line":139,"column":58}},"63":{"start":{"line":141,"column":12},"end":{"line":141,"column":78}},"64":{"start":{"line":144,"column":8},"end":{"line":156,"column":9}},"65":{"start":{"line":145,"column":10},"end":{"line":155,"column":11}},"66":{"start":{"line":146,"column":31},"end":{"line":150,"column":null}},"67":{"start":{"line":152,"column":12},"end":{"line":152,"column":60}},"68":{"start":{"line":154,"column":12},"end":{"line":154,"column":80}},"69":{"start":{"line":158,"column":8},"end":{"line":182,"column":9}},"70":{"start":{"line":159,"column":10},"end":{"line":181,"column":11}},"71":{"start":{"line":160,"column":33},"end":{"line":164,"column":14}},"72":{"start":{"line":168,"column":30},"end":{"line":168,"column":65}},"73":{"start":{"line":170,"column":12},"end":{"line":177,"column":13}},"74":{"start":{"line":171,"column":30},"end":{"line":171,"column":119}},"75":{"start":{"line":172,"column":32},"end":{"line":175,"column":16}},"76":{"start":{"line":176,"column":14},"end":{"line":176,"column":63}},"77":{"start":{"line":179,"column":12},"end":{"line":179,"column":54}},"78":{"start":{"line":185,"column":8},"end":{"line":185,"column":56}},"79":{"start":{"line":188,"column":8},"end":{"line":195,"column":9}},"80":{"start":{"line":189,"column":28},"end":{"line":189,"column":37}},"81":{"start":{"line":190,"column":10},"end":{"line":194,"column":12}},"82":{"start":{"line":196,"column":13},"end":{"line":200,"column":7}},"83":{"start":{"line":198,"column":8},"end":{"line":198,"column":93}},"84":{"start":{"line":199,"column":8},"end":{"line":199,"column":58}},"85":{"start":{"line":202,"column":6},"end":{"line":202,"column":80}},"86":{"start":{"line":204,"column":6},"end":{"line":204,"column":54}},"87":{"start":{"line":205,"column":6},"end":{"line":205,"column":18}},"88":{"start":{"line":88,"column":13},"end":{"line":88,"column":23}},"89":{"start":{"line":220,"column":2},"end":{"line":220,"column":37}},"90":{"start":{"line":222,"column":2},"end":{"line":225,"column":3}},"91":{"start":{"line":223,"column":4},"end":{"line":223,"column":74}},"92":{"start":{"line":224,"column":4},"end":{"line":224,"column":11}},"93":{"start":{"line":227,"column":2},"end":{"line":283,"column":3}},"94":{"start":{"line":229,"column":31},"end":{"line":229,"column":86}},"95":{"start":{"line":230,"column":25},"end":{"line":230,"column":77}},"96":{"start":{"line":230,"column":58},"end":{"line":230,"column":76}},"97":{"start":{"line":232,"column":4},"end":{"line":238,"column":5}},"98":{"start":{"line":233,"column":6},"end":{"line":236,"column":8}},"99":{"start":{"line":237,"column":6},"end":{"line":237,"column":13}},"100":{"start":{"line":240,"column":4},"end":{"line":240,"column":102}},"101":{"start":{"line":243,"column":18},"end":{"line":245,"column":63}},"102":{"start":{"line":247,"column":17},"end":{"line":249,"column":66}},"103":{"start":{"line":252,"column":21},"end":{"line":264,"column":6}},"104":{"start":{"line":266,"column":4},"end":{"line":269,"column":6}},"105":{"start":{"line":272,"column":4},"end":{"line":279,"column":5}},"106":{"start":{"line":273,"column":6},"end":{"line":278,"column":9}},"107":{"start":{"line":274,"column":8},"end":{"line":277,"column":9}},"108":{"start":{"line":275,"column":10},"end":{"line":275,"column":102}},"109":{"start":{"line":281,"column":4},"end":{"line":281,"column":52}}},"fnMap":{"0":{"name":"ensureFcmClientInitialized","decl":{"start":{"line":24,"column":15},"end":{"line":24,"column":41}},"loc":{"start":{"line":24,"column":41},"end":{"line":86,"column":1}}},"1":{"name":"(anonymous_1)","decl":{"start":{"line":36,"column":30},"end":{"line":36,"column":35}},"loc":{"start":{"line":36,"column":41},"end":{"line":83,"column":3}}},"2":{"name":"(anonymous_2)","decl":{"start":{"line":88,"column":23},"end":{"line":88,"column":28}},"loc":{"start":{"line":88,"column":64},"end":{"line":208,"column":1}}},"3":{"name":"sendFcmNotification","decl":{"start":{"line":215,"column":15},"end":{"line":215,"column":34}},"loc":{"start":{"line":217,"column":32},"end":{"line":284,"column":1}}},"4":{"name":"(anonymous_4)","decl":{"start":{"line":230,"column":48},"end":{"line":230,"column":54}},"loc":{"start":{"line":230,"column":58},"end":{"line":230,"column":76}}},"5":{"name":"(anonymous_5)","decl":{"start":{"line":273,"column":33},"end":{"line":273,"column":34}},"loc":{"start":{"line":273,"column":49},"end":{"line":278,"column":7}}}},"branchMap":{"0":{"loc":{"start":{"line":12,"column":38},"end":{"line":12,"column":78}},"type":"binary-expr","locations":[{"start":{"line":12,"column":38},"end":{"line":12,"column":62}},{"start":{"line":12,"column":66},"end":{"line":12,"column":78}}]},"1":{"loc":{"start":{"line":26,"column":2},"end":{"line":28,"column":3}},"type":"if","locations":[{"start":{"line":26,"column":2},"end":{"line":28,"column":3}}]},"2":{"loc":{"start":{"line":31,"column":2},"end":{"line":33,"column":3}},"type":"if","locations":[{"start":{"line":31,"column":2},"end":{"line":33,"column":3}}]},"3":{"loc":{"start":{"line":40,"column":4},"end":{"line":53,"column":5}},"type":"if","locations":[{"start":{"line":40,"column":4},"end":{"line":53,"column":5}}]},"4":{"loc":{"start":{"line":40,"column":8},"end":{"line":40,"column":52}},"type":"binary-expr","locations":[{"start":{"line":40,"column":8},"end":{"line":40,"column":20}},{"start":{"line":40,"column":24},"end":{"line":40,"column":52}}]},"5":{"loc":{"start":{"line":55,"column":4},"end":{"line":59,"column":5}},"type":"if","locations":[{"start":{"line":55,"column":4},"end":{"line":59,"column":5}}]},"6":{"loc":{"start":{"line":66,"column":6},"end":{"line":75,"column":7}},"type":"if","locations":[{"start":{"line":66,"column":6},"end":{"line":75,"column":7}},{"start":{"line":73,"column":13},"end":{"line":75,"column":7}}]},"7":{"loc":{"start":{"line":66,"column":10},"end":{"line":66,"column":78}},"type":"binary-expr","locations":[{"start":{"line":66,"column":10},"end":{"line":66,"column":29}},{"start":{"line":66,"column":33},"end":{"line":66,"column":53}},{"start":{"line":66,"column":57},"end":{"line":66,"column":78}}]},"8":{"loc":{"start":{"line":104,"column":23},"end":{"line":104,"column":89}},"type":"binary-expr","locations":[{"start":{"line":104,"column":23},"end":{"line":104,"column":58}},{"start":{"line":104,"column":62},"end":{"line":104,"column":89}}]},"9":{"loc":{"start":{"line":110,"column":6},"end":{"line":200,"column":7}},"type":"if","locations":[{"start":{"line":110,"column":6},"end":{"line":200,"column":7}},{"start":{"line":196,"column":13},"end":{"line":200,"column":7}}]},"10":{"loc":{"start":{"line":118,"column":8},"end":{"line":130,"column":9}},"type":"if","locations":[{"start":{"line":118,"column":8},"end":{"line":130,"column":9}}]},"11":{"loc":{"start":{"line":131,"column":8},"end":{"line":143,"column":9}},"type":"if","locations":[{"start":{"line":131,"column":8},"end":{"line":143,"column":9}}]},"12":{"loc":{"start":{"line":144,"column":8},"end":{"line":156,"column":9}},"type":"if","locations":[{"start":{"line":144,"column":8},"end":{"line":156,"column":9}}]},"13":{"loc":{"start":{"line":158,"column":8},"end":{"line":182,"column":9}},"type":"if","locations":[{"start":{"line":158,"column":8},"end":{"line":182,"column":9}}]},"14":{"loc":{"start":{"line":158,"column":12},"end":{"line":158,"column":68}},"type":"binary-expr","locations":[{"start":{"line":158,"column":12},"end":{"line":158,"column":28}},{"start":{"line":158,"column":32},"end":{"line":158,"column":47}},{"start":{"line":158,"column":51},"end":{"line":158,"column":68}}]},"15":{"loc":{"start":{"line":168,"column":30},"end":{"line":168,"column":65}},"type":"binary-expr","locations":[{"start":{"line":168,"column":30},"end":{"line":168,"column":59}},{"start":{"line":168,"column":63},"end":{"line":168,"column":65}}]},"16":{"loc":{"start":{"line":170,"column":12},"end":{"line":177,"column":13}},"type":"if","locations":[{"start":{"line":170,"column":12},"end":{"line":177,"column":13}}]},"17":{"loc":{"start":{"line":188,"column":8},"end":{"line":195,"column":9}},"type":"if","locations":[{"start":{"line":188,"column":8},"end":{"line":195,"column":9}}]},"18":{"loc":{"start":{"line":188,"column":12},"end":{"line":188,"column":85}},"type":"binary-expr","locations":[{"start":{"line":188,"column":12},"end":{"line":188,"column":47}},{"start":{"line":188,"column":51},"end":{"line":188,"column":85}}]},"19":{"loc":{"start":{"line":196,"column":13},"end":{"line":200,"column":7}},"type":"if","locations":[{"start":{"line":196,"column":13},"end":{"line":200,"column":7}}]},"20":{"loc":{"start":{"line":196,"column":17},"end":{"line":196,"column":49}},"type":"binary-expr","locations":[{"start":{"line":196,"column":17},"end":{"line":196,"column":31}},{"start":{"line":196,"column":35},"end":{"line":196,"column":49}}]},"21":{"loc":{"start":{"line":222,"column":2},"end":{"line":225,"column":3}},"type":"if","locations":[{"start":{"line":222,"column":2},"end":{"line":225,"column":3}}]},"22":{"loc":{"start":{"line":232,"column":4},"end":{"line":238,"column":5}},"type":"if","locations":[{"start":{"line":232,"column":4},"end":{"line":238,"column":5}}]},"23":{"loc":{"start":{"line":243,"column":18},"end":{"line":245,"column":63}},"type":"cond-expr","locations":[{"start":{"line":244,"column":8},"end":{"line":244,"column":61}},{"start":{"line":245,"column":8},"end":{"line":245,"column":63}}]},"24":{"loc":{"start":{"line":247,"column":17},"end":{"line":249,"column":66}},"type":"cond-expr","locations":[{"start":{"line":248,"column":8},"end":{"line":248,"column":76}},{"start":{"line":249,"column":8},"end":{"line":249,"column":66}}]},"25":{"loc":{"start":{"line":272,"column":4},"end":{"line":279,"column":5}},"type":"if","locations":[{"start":{"line":272,"column":4},"end":{"line":279,"column":5}}]},"26":{"loc":{"start":{"line":272,"column":8},"end":{"line":272,"column":55}},"type":"binary-expr","locations":[{"start":{"line":272,"column":8},"end":{"line":272,"column":33}},{"start":{"line":272,"column":37},"end":{"line":272,"column":55}}]},"27":{"loc":{"start":{"line":274,"column":8},"end":{"line":277,"column":9}},"type":"if","locations":[{"start":{"line":274,"column":8},"end":{"line":277,"column":9}}]}},"s":{"0":1,"1":1,"2":1,"3":1,"4":1,"5":1,"6":1,"7":1,"8":1,"9":1,"10":1,"11":1,"12":5,"13":4,"14":1,"15":0,"16":1,"17":1,"18":1,"19":0,"20":0,"21":0,"22":0,"23":0,"24":0,"25":0,"26":1,"27":0,"28":0,"29":0,"30":1,"31":1,"32":1,"33":1,"34":1,"35":0,"36":0,"37":0,"38":0,"39":1,"40":1,"41":1,"42":5,"43":5,"44":5,"45":5,"46":5,"47":5,"48":5,"49":5,"50":5,"51":1,"52":1,"53":1,"54":1,"55":0,"56":0,"57":0,"58":0,"59":1,"60":0,"61":0,"62":0,"63":0,"64":1,"65":0,"66":0,"67":0,"68":0,"69":1,"70":0,"71":0,"72":0,"73":0,"74":0,"75":0,"76":0,"77":0,"78":1,"79":1,"80":1,"81":1,"82":4,"83":4,"84":4,"85":5,"86":0,"87":0,"88":1,"89":5,"90":5,"91":0,"92":0,"93":5,"94":5,"95":5,"96":8,"97":5,"98":1,"99":1,"100":4,"101":4,"102":4,"103":4,"104":4,"105":4,"106":0,"107":0,"108":0,"109":0},"f":{"0":5,"1":1,"2":5,"3":5,"4":8,"5":0},"b":{"0":[1,0],"1":[4],"2":[0],"3":[0],"4":[1,1],"5":[0],"6":[1,0],"7":[1,1,1],"8":[5,0],"9":[1,4],"10":[0],"11":[0],"12":[0],"13":[0],"14":[1,0,0],"15":[0,0],"16":[0],"17":[1],"18":[1,1],"19":[4],"20":[4,4],"21":[0],"22":[1],"23":[1,3],"24":[1,3],"25":[0],"26":[4,0],"27":[0]}}
,"/Users/clintgc/SpaceMonkeyII/functions/consent-handler/index.ts": {"path":"/Users/clintgc/SpaceMonkeyII/functions/consent-handler/index.ts","statementMap":{"0":{"start":{"line":2,"column":0},"end":{"line":2,"column":73}},"1":{"start":{"line":3,"column":0},"end":{"line":3,"column":37}},"2":{"start":{"line":5,"column":18},"end":{"line":5,"column":79}},"3":{"start":{"line":7,"column":23},"end":{"line":104,"column":1}},"4":{"start":{"line":10,"column":2},"end":{"line":10,"column":73}},"5":{"start":{"line":12,"column":2},"end":{"line":103,"column":3}},"6":{"start":{"line":13,"column":4},"end":{"line":22,"column":5}},"7":{"start":{"line":14,"column":6},"end":{"line":21,"column":8}},"8":{"start":{"line":24,"column":20},"end":{"line":24,"column":42}},"9":{"start":{"line":25,"column":24},"end":{"line":25,"column":31}},"10":{"start":{"line":27,"column":4},"end":{"line":36,"column":5}},"11":{"start":{"line":28,"column":6},"end":{"line":35,"column":8}},"12":{"start":{"line":40,"column":22},"end":{"line":40,"column":95}},"13":{"start":{"line":42,"column":4},"end":{"line":51,"column":5}},"14":{"start":{"line":43,"column":6},"end":{"line":50,"column":8}},"15":{"start":{"line":54,"column":4},"end":{"line":54,"column":54}},"16":{"start":{"line":58,"column":4},"end":{"line":76,"column":5}},"17":{"start":{"line":59,"column":6},"end":{"line":75,"column":7}},"18":{"start":{"line":60,"column":46},"end":{"line":60,"column":81}},"19":{"start":{"line":61,"column":26},"end":{"line":61,"column":43}},"20":{"start":{"line":62,"column":8},"end":{"line":71,"column":10}},"21":{"start":{"line":73,"column":8},"end":{"line":73,"column":66}},"22":{"start":{"line":78,"column":4},"end":{"line":89,"column":6}},"23":{"start":{"line":91,"column":4},"end":{"line":91,"column":51}},"24":{"start":{"line":92,"column":4},"end":{"line":102,"column":6}},"25":{"start":{"line":7,"column":13},"end":{"line":7,"column":23}}},"fnMap":{"0":{"name":"(anonymous_9)","decl":{"start":{"line":7,"column":23},"end":{"line":7,"column":28}},"loc":{"start":{"line":9,"column":36},"end":{"line":104,"column":1}}},"1":{"name":"(anonymous_10)","decl":{"start":{"line":60,"column":46},"end":{"line":60,"column":59}},"loc":{"start":{"line":60,"column":46},"end":{"line":60,"column":81}}}},"branchMap":{"0":{"loc":{"start":{"line":5,"column":38},"end":{"line":5,"column":78}},"type":"binary-expr","locations":[{"start":{"line":5,"column":38},"end":{"line":5,"column":62}},{"start":{"line":5,"column":66},"end":{"line":5,"column":78}}]},"1":{"loc":{"start":{"line":13,"column":4},"end":{"line":22,"column":5}},"type":"if","locations":[{"start":{"line":13,"column":4},"end":{"line":22,"column":5}}]},"2":{"loc":{"start":{"line":27,"column":4},"end":{"line":36,"column":5}},"type":"if","locations":[{"start":{"line":27,"column":4},"end":{"line":36,"column":5}}]},"3":{"loc":{"start":{"line":40,"column":22},"end":{"line":40,"column":95}},"type":"binary-expr","locations":[{"start":{"line":40,"column":22},"end":{"line":40,"column":62}},{"start":{"line":40,"column":66},"end":{"line":40,"column":95}}]},"4":{"loc":{"start":{"line":42,"column":4},"end":{"line":51,"column":5}},"type":"if","locations":[{"start":{"line":42,"column":4},"end":{"line":51,"column":5}}]},"5":{"loc":{"start":{"line":58,"column":4},"end":{"line":76,"column":5}},"type":"if","locations":[{"start":{"line":58,"column":4},"end":{"line":76,"column":5}}]},"6":{"loc":{"start":{"line":100,"column":17},"end":{"line":100,"column":73}},"type":"cond-expr","locations":[{"start":{"line":100,"column":42},"end":{"line":100,"column":55}},{"start":{"line":100,"column":58},"end":{"line":100,"column":73}}]}},"s":{"0":0,"1":0,"2":0,"3":0,"4":0,"5":0,"6":0,"7":0,"8":0,"9":0,"10":0,"11":0,"12":0,"13":0,"14":0,"15":0,"16":0,"17":0,"18":0,"19":0,"20":0,"21":0,"22":0,"23":0,"24":0,"25":0},"f":{"0":0,"1":0},"b":{"0":[0,0],"1":[0],"2":[0],"3":[0,0],"4":[0],"5":[0],"6":[0,0]}}
,"/Users/clintgc/SpaceMonkeyII/functions/email-aggregator/index.ts": {"path":"/Users/clintgc/SpaceMonkeyII/functions/email-aggregator/index.ts","statementMap":{"0":{"start":{"line":2,"column":0},"end":{"line":2,"column":36}},"1":{"start":{"line":3,"column":0},"end":{"line":3,"column":90}},"2":{"start":{"line":4,"column":0},"end":{"line":4,"column":58}},"3":{"start":{"line":5,"column":0},"end":{"line":5,"column":73}},"4":{"start":{"line":6,"column":0},"end":{"line":6,"column":36}},"5":{"start":{"line":7,"column":0},"end":{"line":7,"column":33}},"6":{"start":{"line":8,"column":0},"end":{"line":8,"column":37}},"7":{"start":{"line":10,"column":18},"end":{"line":10,"column":69}},"8":{"start":{"line":11,"column":18},"end":{"line":11,"column":79}},"9":{"start":{"line":13,"column":0},"end":{"line":15,"column":1}},"10":{"start":{"line":14,"column":2},"end":{"line":14,"column":49}},"11":{"start":{"line":37,"column":2},"end":{"line":39,"column":3}},"12":{"start":{"line":38,"column":4},"end":{"line":38,"column":21}},"13":{"start":{"line":43,"column":19},"end":{"line":58,"column":14}},"14":{"start":{"line":46,"column":25},"end":{"line":54,"column":17}},"15":{"start":{"line":55,"column":6},"end":{"line":55,"column":24}},"16":{"start":{"line":61,"column":15},"end":{"line":61,"column":42}},"17":{"start":{"line":62,"column":2},"end":{"line":62,"column":24}},"18":{"start":{"line":63,"column":2},"end":{"line":63,"column":28}},"19":{"start":{"line":70,"column":20},"end":{"line":70,"column":81}},"20":{"start":{"line":71,"column":24},"end":{"line":71,"column":62}},"21":{"start":{"line":72,"column":2},"end":{"line":72,"column":38}},"22":{"start":{"line":75,"column":23},"end":{"line":290,"column":1}},"23":{"start":{"line":76,"column":2},"end":{"line":76,"column":74}},"24":{"start":{"line":78,"column":2},"end":{"line":289,"column":3}},"25":{"start":{"line":80,"column":16},"end":{"line":80,"column":26}},"26":{"start":{"line":81,"column":20},"end":{"line":81,"column":69}},"27":{"start":{"line":85,"column":23},"end":{"line":85,"column":40}},"28":{"start":{"line":86,"column":32},"end":{"line":86,"column":41}},"29":{"start":{"line":87,"column":28},"end":{"line":87,"column":31}},"30":{"start":{"line":89,"column":4},"end":{"line":113,"column":31}},"31":{"start":{"line":90,"column":25},"end":{"line":102,"column":null}},"32":{"start":{"line":106,"column":6},"end":{"line":110,"column":9}},"33":{"start":{"line":107,"column":8},"end":{"line":109,"column":9}},"34":{"start":{"line":108,"column":10},"end":{"line":108,"column":41}},"35":{"start":{"line":112,"column":6},"end":{"line":112,"column":53}},"36":{"start":{"line":116,"column":28},"end":{"line":116,"column":50}},"37":{"start":{"line":118,"column":4},"end":{"line":121,"column":5}},"38":{"start":{"line":119,"column":6},"end":{"line":119,"column":63}},"39":{"start":{"line":120,"column":6},"end":{"line":120,"column":13}},"40":{"start":{"line":123,"column":4},"end":{"line":123,"column":86}},"41":{"start":{"line":126,"column":27},"end":{"line":126,"column":73}},"42":{"start":{"line":128,"column":4},"end":{"line":183,"column":5}},"43":{"start":{"line":130,"column":21},"end":{"line":142,"column":null}},"44":{"start":{"line":145,"column":6},"end":{"line":147,"column":7}},"45":{"start":{"line":146,"column":8},"end":{"line":146,"column":49}},"46":{"start":{"line":149,"column":22},"end":{"line":149,"column":52}},"47":{"start":{"line":151,"column":6},"end":{"line":171,"column":7}},"48":{"start":{"line":153,"column":25},"end":{"line":153,"column":45}},"49":{"start":{"line":154,"column":26},"end":{"line":154,"column":87}},"50":{"start":{"line":156,"column":26},"end":{"line":156,"column":79}},"51":{"start":{"line":157,"column":26},"end":{"line":157,"column":44}},"52":{"start":{"line":160,"column":8},"end":{"line":170,"column":9}},"53":{"start":{"line":161,"column":10},"end":{"line":169,"column":13}},"54":{"start":{"line":174,"column":25},"end":{"line":179,"column":8}},"55":{"start":{"line":180,"column":6},"end":{"line":180,"column":66}},"56":{"start":{"line":182,"column":6},"end":{"line":182,"column":119}},"57":{"start":{"line":186,"column":4},"end":{"line":285,"column":5}},"58":{"start":{"line":187,"column":6},"end":{"line":187,"column":39}},"59":{"start":{"line":187,"column":30},"end":{"line":187,"column":39}},"60":{"start":{"line":189,"column":24},"end":{"line":189,"column":52}},"61":{"start":{"line":192,"column":29},"end":{"line":192,"column":73}},"62":{"start":{"line":194,"column":6},"end":{"line":197,"column":7}},"63":{"start":{"line":195,"column":8},"end":{"line":195,"column":80}},"64":{"start":{"line":196,"column":8},"end":{"line":196,"column":17}},"65":{"start":{"line":200,"column":25},"end":{"line":200,"column":53}},"66":{"start":{"line":201,"column":6},"end":{"line":204,"column":7}},"67":{"start":{"line":202,"column":8},"end":{"line":202,"column":96}},"68":{"start":{"line":203,"column":8},"end":{"line":203,"column":17}},"69":{"start":{"line":207,"column":6},"end":{"line":210,"column":7}},"70":{"start":{"line":208,"column":8},"end":{"line":208,"column":95}},"71":{"start":{"line":209,"column":8},"end":{"line":209,"column":17}},"72":{"start":{"line":213,"column":29},"end":{"line":213,"column":60}},"73":{"start":{"line":214,"column":6},"end":{"line":220,"column":7}},"74":{"start":{"line":215,"column":8},"end":{"line":215,"column":36}},"75":{"start":{"line":216,"column":8},"end":{"line":219,"column":11}},"76":{"start":{"line":223,"column":24},"end":{"line":223,"column":86}},"77":{"start":{"line":226,"column":26},"end":{"line":226,"column":27}},"78":{"start":{"line":227,"column":23},"end":{"line":227,"column":24}},"79":{"start":{"line":228,"column":22},"end":{"line":228,"column":27}},"80":{"start":{"line":230,"column":6},"end":{"line":284,"column":7}},"81":{"start":{"line":231,"column":8},"end":{"line":283,"column":9}},"82":{"start":{"line":232,"column":10},"end":{"line":237,"column":13}},"83":{"start":{"line":239,"column":10},"end":{"line":239,"column":27}},"84":{"start":{"line":240,"column":10},"end":{"line":240,"column":142}},"85":{"start":{"line":242,"column":10},"end":{"line":242,"column":23}},"86":{"start":{"line":243,"column":29},"end":{"line":243,"column":71}},"87":{"start":{"line":244,"column":31},"end":{"line":244,"column":111}},"88":{"start":{"line":247,"column":10},"end":{"line":275,"column":11}},"89":{"start":{"line":249,"column":29},"end":{"line":249,"column":59}},"90":{"start":{"line":250,"column":12},"end":{"line":254,"column":13}},"91":{"start":{"line":251,"column":14},"end":{"line":251,"column":147}},"92":{"start":{"line":252,"column":14},"end":{"line":252,"column":74}},"93":{"start":{"line":252,"column":43},"end":{"line":252,"column":72}},"94":{"start":{"line":253,"column":14},"end":{"line":253,"column":23}},"95":{"start":{"line":255,"column":17},"end":{"line":275,"column":11}},"96":{"start":{"line":257,"column":27},"end":{"line":257,"column":62}},"97":{"start":{"line":258,"column":12},"end":{"line":266,"column":13}},"98":{"start":{"line":258,"column":40},"end":{"line":258,"column":131}},"99":{"start":{"line":259,"column":14},"end":{"line":259,"column":118}},"100":{"start":{"line":260,"column":14},"end":{"line":264,"column":17}},"101":{"start":{"line":265,"column":14},"end":{"line":265,"column":23}},"102":{"start":{"line":267,"column":17},"end":{"line":275,"column":11}},"103":{"start":{"line":269,"column":12},"end":{"line":274,"column":13}},"104":{"start":{"line":270,"column":31},"end":{"line":270,"column":61}},"105":{"start":{"line":271,"column":14},"end":{"line":271,"column":168}},"106":{"start":{"line":272,"column":14},"end":{"line":272,"column":74}},"107":{"start":{"line":272,"column":43},"end":{"line":272,"column":72}},"108":{"start":{"line":273,"column":14},"end":{"line":273,"column":23}},"109":{"start":{"line":278,"column":10},"end":{"line":282,"column":11}},"110":{"start":{"line":279,"column":12},"end":{"line":279,"column":185}},"111":{"start":{"line":287,"column":4},"end":{"line":287,"column":52}},"112":{"start":{"line":288,"column":4},"end":{"line":288,"column":16}},"113":{"start":{"line":75,"column":13},"end":{"line":75,"column":23}},"114":{"start":{"line":297,"column":19},"end":{"line":297,"column":59}},"115":{"start":{"line":298,"column":18},"end":{"line":298,"column":74}},"116":{"start":{"line":299,"column":25},"end":{"line":299,"column":132}},"117":{"start":{"line":301,"column":20},"end":{"line":312,"column":13}},"118":{"start":{"line":303,"column":17},"end":{"line":310,"column":null}},"119":{"start":{"line":314,"column":2},"end":{"line":410,"column":4}}},"fnMap":{"0":{"name":"generateBiometricHash","decl":{"start":{"line":36,"column":9},"end":{"line":36,"column":30}},"loc":{"start":{"line":36,"column":48},"end":{"line":64,"column":1}}},"1":{"name":"(anonymous_11)","decl":{"start":{"line":44,"column":9},"end":{"line":44,"column":12}},"loc":{"start":{"line":44,"column":15},"end":{"line":56,"column":5}}},"2":{"name":"createDedupKey","decl":{"start":{"line":69,"column":9},"end":{"line":69,"column":23}},"loc":{"start":{"line":69,"column":33},"end":{"line":73,"column":1}}},"3":{"name":"(anonymous_13)","decl":{"start":{"line":75,"column":23},"end":{"line":75,"column":28}},"loc":{"start":{"line":75,"column":94},"end":{"line":290,"column":1}}},"4":{"name":"(anonymous_14)","decl":{"start":{"line":106,"column":39},"end":{"line":106,"column":43}},"loc":{"start":{"line":106,"column":46},"end":{"line":110,"column":7}}},"5":{"name":"(anonymous_15)","decl":{"start":{"line":252,"column":32},"end":{"line":252,"column":39}},"loc":{"start":{"line":252,"column":43},"end":{"line":252,"column":72}}},"6":{"name":"(anonymous_16)","decl":{"start":{"line":258,"column":28},"end":{"line":258,"column":29}},"loc":{"start":{"line":258,"column":40},"end":{"line":258,"column":131}}},"7":{"name":"(anonymous_17)","decl":{"start":{"line":272,"column":32},"end":{"line":272,"column":39}},"loc":{"start":{"line":272,"column":43},"end":{"line":272,"column":72}}},"8":{"name":"generateEmailHtml","decl":{"start":{"line":292,"column":9},"end":{"line":292,"column":26}},"loc":{"start":{"line":295,"column":26},"end":{"line":411,"column":1}}},"9":{"name":"(anonymous_19)","decl":{"start":{"line":303,"column":6},"end":{"line":303,"column":7}},"loc":{"start":{"line":303,"column":17},"end":{"line":310,"column":null}}}},"branchMap":{"0":{"loc":{"start":{"line":11,"column":38},"end":{"line":11,"column":78}},"type":"binary-expr","locations":[{"start":{"line":11,"column":38},"end":{"line":11,"column":62}},{"start":{"line":11,"column":66},"end":{"line":11,"column":78}}]},"1":{"loc":{"start":{"line":13,"column":0},"end":{"line":15,"column":1}},"type":"if","locations":[{"start":{"line":13,"column":0},"end":{"line":15,"column":1}}]},"2":{"loc":{"start":{"line":37,"column":2},"end":{"line":39,"column":3}},"type":"if","locations":[{"start":{"line":37,"column":2},"end":{"line":39,"column":3}}]},"3":{"loc":{"start":{"line":37,"column":6},"end":{"line":37,"column":44}},"type":"binary-expr","locations":[{"start":{"line":37,"column":6},"end":{"line":37,"column":17}},{"start":{"line":37,"column":21},"end":{"line":37,"column":44}}]},"4":{"loc":{"start":{"line":47,"column":8},"end":{"line":47,"column":20}},"type":"binary-expr","locations":[{"start":{"line":47,"column":8},"end":{"line":47,"column":15}},{"start":{"line":47,"column":19},"end":{"line":47,"column":20}}]},"5":{"loc":{"start":{"line":48,"column":8},"end":{"line":48,"column":28}},"type":"binary-expr","locations":[{"start":{"line":48,"column":8},"end":{"line":48,"column":23}},{"start":{"line":48,"column":27},"end":{"line":48,"column":28}}]},"6":{"loc":{"start":{"line":49,"column":8},"end":{"line":49,"column":18}},"type":"binary-expr","locations":[{"start":{"line":49,"column":8},"end":{"line":49,"column":13}},{"start":{"line":49,"column":17},"end":{"line":49,"column":18}}]},"7":{"loc":{"start":{"line":50,"column":8},"end":{"line":50,"column":18}},"type":"binary-expr","locations":[{"start":{"line":50,"column":8},"end":{"line":50,"column":13}},{"start":{"line":50,"column":17},"end":{"line":50,"column":18}}]},"8":{"loc":{"start":{"line":51,"column":8},"end":{"line":51,"column":18}},"type":"binary-expr","locations":[{"start":{"line":51,"column":8},"end":{"line":51,"column":13}},{"start":{"line":51,"column":17},"end":{"line":51,"column":18}}]},"9":{"loc":{"start":{"line":52,"column":8},"end":{"line":52,"column":18}},"type":"binary-expr","locations":[{"start":{"line":52,"column":8},"end":{"line":52,"column":13}},{"start":{"line":52,"column":17},"end":{"line":52,"column":18}}]},"10":{"loc":{"start":{"line":53,"column":8},"end":{"line":53,"column":24}},"type":"binary-expr","locations":[{"start":{"line":53,"column":8},"end":{"line":53,"column":19}},{"start":{"line":53,"column":23},"end":{"line":53,"column":24}}]},"11":{"loc":{"start":{"line":70,"column":20},"end":{"line":70,"column":81}},"type":"binary-expr","locations":[{"start":{"line":70,"column":20},"end":{"line":70,"column":50}},{"start":{"line":70,"column":54},"end":{"line":70,"column":68}},{"start":{"line":70,"column":72},"end":{"line":70,"column":81}}]},"12":{"loc":{"start":{"line":106,"column":7},"end":{"line":106,"column":29}},"type":"binary-expr","locations":[{"start":{"line":106,"column":7},"end":{"line":106,"column":23}},{"start":{"line":106,"column":27},"end":{"line":106,"column":29}}]},"13":{"loc":{"start":{"line":107,"column":8},"end":{"line":109,"column":9}},"type":"if","locations":[{"start":{"line":107,"column":8},"end":{"line":109,"column":9}}]},"14":{"loc":{"start":{"line":118,"column":4},"end":{"line":121,"column":5}},"type":"if","locations":[{"start":{"line":118,"column":4},"end":{"line":121,"column":5}}]},"15":{"loc":{"start":{"line":145,"column":6},"end":{"line":147,"column":7}},"type":"if","locations":[{"start":{"line":145,"column":6},"end":{"line":147,"column":7}}]},"16":{"loc":{"start":{"line":151,"column":25},"end":{"line":151,"column":43}},"type":"binary-expr","locations":[{"start":{"line":151,"column":25},"end":{"line":151,"column":37}},{"start":{"line":151,"column":41},"end":{"line":151,"column":43}}]},"17":{"loc":{"start":{"line":154,"column":51},"end":{"line":154,"column":85}},"type":"binary-expr","locations":[{"start":{"line":154,"column":51},"end":{"line":154,"column":73}},{"start":{"line":154,"column":77},"end":{"line":154,"column":85}}]},"18":{"loc":{"start":{"line":156,"column":26},"end":{"line":156,"column":79}},"type":"binary-expr","locations":[{"start":{"line":156,"column":26},"end":{"line":156,"column":58}},{"start":{"line":156,"column":62},"end":{"line":156,"column":79}}]},"19":{"loc":{"start":{"line":160,"column":8},"end":{"line":170,"column":9}},"type":"if","locations":[{"start":{"line":160,"column":8},"end":{"line":170,"column":9}}]},"20":{"loc":{"start":{"line":160,"column":12},"end":{"line":160,"column":87}},"type":"binary-expr","locations":[{"start":{"line":160,"column":12},"end":{"line":160,"column":35}},{"start":{"line":160,"column":39},"end":{"line":160,"column":87}}]},"21":{"loc":{"start":{"line":166,"column":28},"end":{"line":166,"column":53}},"type":"binary-expr","locations":[{"start":{"line":166,"column":28},"end":{"line":166,"column":47}},{"start":{"line":166,"column":51},"end":{"line":166,"column":53}}]},"22":{"loc":{"start":{"line":167,"column":23},"end":{"line":167,"column":55}},"type":"binary-expr","locations":[{"start":{"line":167,"column":23},"end":{"line":167,"column":37}},{"start":{"line":167,"column":41},"end":{"line":167,"column":55}}]},"23":{"loc":{"start":{"line":176,"column":22},"end":{"line":176,"column":47}},"type":"binary-expr","locations":[{"start":{"line":176,"column":22},"end":{"line":176,"column":42}},{"start":{"line":176,"column":46},"end":{"line":176,"column":47}}]},"24":{"loc":{"start":{"line":178,"column":28},"end":{"line":178,"column":53}},"type":"binary-expr","locations":[{"start":{"line":178,"column":28},"end":{"line":178,"column":48}},{"start":{"line":178,"column":52},"end":{"line":178,"column":53}}]},"25":{"loc":{"start":{"line":182,"column":49},"end":{"line":182,"column":74}},"type":"binary-expr","locations":[{"start":{"line":182,"column":49},"end":{"line":182,"column":69}},{"start":{"line":182,"column":73},"end":{"line":182,"column":74}}]},"26":{"loc":{"start":{"line":187,"column":6},"end":{"line":187,"column":39}},"type":"if","locations":[{"start":{"line":187,"column":6},"end":{"line":187,"column":39}}]},"27":{"loc":{"start":{"line":194,"column":6},"end":{"line":197,"column":7}},"type":"if","locations":[{"start":{"line":194,"column":6},"end":{"line":197,"column":7}}]},"28":{"loc":{"start":{"line":194,"column":10},"end":{"line":194,"column":50}},"type":"binary-expr","locations":[{"start":{"line":194,"column":10},"end":{"line":194,"column":25}},{"start":{"line":194,"column":29},"end":{"line":194,"column":50}}]},"29":{"loc":{"start":{"line":201,"column":6},"end":{"line":204,"column":7}},"type":"if","locations":[{"start":{"line":201,"column":6},"end":{"line":204,"column":7}}]},"30":{"loc":{"start":{"line":207,"column":6},"end":{"line":210,"column":7}},"type":"if","locations":[{"start":{"line":207,"column":6},"end":{"line":210,"column":7}}]},"31":{"loc":{"start":{"line":214,"column":6},"end":{"line":220,"column":7}},"type":"if","locations":[{"start":{"line":214,"column":6},"end":{"line":220,"column":7}}]},"32":{"loc":{"start":{"line":230,"column":13},"end":{"line":230,"column":51}},"type":"binary-expr","locations":[{"start":{"line":230,"column":13},"end":{"line":230,"column":37}},{"start":{"line":230,"column":41},"end":{"line":230,"column":51}}]},"33":{"loc":{"start":{"line":234,"column":18},"end":{"line":234,"column":76}},"type":"binary-expr","locations":[{"start":{"line":234,"column":18},"end":{"line":234,"column":49}},{"start":{"line":234,"column":53},"end":{"line":234,"column":76}}]},"34":{"loc":{"start":{"line":235,"column":83},"end":{"line":235,"column":115}},"type":"cond-expr","locations":[{"start":{"line":235,"column":106},"end":{"line":235,"column":110}},{"start":{"line":235,"column":113},"end":{"line":235,"column":115}}]},"35":{"loc":{"start":{"line":243,"column":29},"end":{"line":243,"column":71}},"type":"binary-expr","locations":[{"start":{"line":243,"column":29},"end":{"line":243,"column":56}},{"start":{"line":243,"column":60},"end":{"line":243,"column":71}}]},"36":{"loc":{"start":{"line":244,"column":31},"end":{"line":244,"column":111}},"type":"binary-expr","locations":[{"start":{"line":244,"column":31},"end":{"line":244,"column":74}},{"start":{"line":244,"column":78},"end":{"line":244,"column":92}},{"start":{"line":244,"column":96},"end":{"line":244,"column":111}}]},"37":{"loc":{"start":{"line":247,"column":10},"end":{"line":275,"column":11}},"type":"if","locations":[{"start":{"line":247,"column":10},"end":{"line":275,"column":11}},{"start":{"line":255,"column":17},"end":{"line":275,"column":11}}]},"38":{"loc":{"start":{"line":250,"column":12},"end":{"line":254,"column":13}},"type":"if","locations":[{"start":{"line":250,"column":12},"end":{"line":254,"column":13}}]},"39":{"loc":{"start":{"line":255,"column":17},"end":{"line":275,"column":11}},"type":"if","locations":[{"start":{"line":255,"column":17},"end":{"line":275,"column":11}},{"start":{"line":267,"column":17},"end":{"line":275,"column":11}}]},"40":{"loc":{"start":{"line":257,"column":27},"end":{"line":257,"column":62}},"type":"binary-expr","locations":[{"start":{"line":257,"column":27},"end":{"line":257,"column":56}},{"start":{"line":257,"column":60},"end":{"line":257,"column":62}}]},"41":{"loc":{"start":{"line":258,"column":12},"end":{"line":266,"column":13}},"type":"if","locations":[{"start":{"line":258,"column":12},"end":{"line":266,"column":13}}]},"42":{"loc":{"start":{"line":258,"column":40},"end":{"line":258,"column":131}},"type":"binary-expr","locations":[{"start":{"line":258,"column":40},"end":{"line":258,"column":84}},{"start":{"line":258,"column":88},"end":{"line":258,"column":131}}]},"43":{"loc":{"start":{"line":267,"column":17},"end":{"line":275,"column":11}},"type":"if","locations":[{"start":{"line":267,"column":17},"end":{"line":275,"column":11}}]},"44":{"loc":{"start":{"line":267,"column":21},"end":{"line":267,"column":58}},"type":"binary-expr","locations":[{"start":{"line":267,"column":21},"end":{"line":267,"column":38}},{"start":{"line":267,"column":42},"end":{"line":267,"column":58}}]},"45":{"loc":{"start":{"line":269,"column":12},"end":{"line":274,"column":13}},"type":"if","locations":[{"start":{"line":269,"column":12},"end":{"line":274,"column":13}}]},"46":{"loc":{"start":{"line":278,"column":10},"end":{"line":282,"column":11}},"type":"if","locations":[{"start":{"line":278,"column":10},"end":{"line":282,"column":11}}]},"47":{"loc":{"start":{"line":278,"column":14},"end":{"line":278,"column":97}},"type":"binary-expr","locations":[{"start":{"line":278,"column":14},"end":{"line":278,"column":39}},{"start":{"line":278,"column":44},"end":{"line":278,"column":54}},{"start":{"line":278,"column":58},"end":{"line":278,"column":74}},{"start":{"line":278,"column":78},"end":{"line":278,"column":96}}]},"48":{"loc":{"start":{"line":297,"column":19},"end":{"line":297,"column":59}},"type":"binary-expr","locations":[{"start":{"line":297,"column":19},"end":{"line":297,"column":38}},{"start":{"line":297,"column":42},"end":{"line":297,"column":59}}]},"49":{"loc":{"start":{"line":298,"column":18},"end":{"line":298,"column":74}},"type":"binary-expr","locations":[{"start":{"line":298,"column":18},"end":{"line":298,"column":42}},{"start":{"line":298,"column":46},"end":{"line":298,"column":74}}]},"50":{"loc":{"start":{"line":305,"column":12},"end":{"line":305,"column":48}},"type":"binary-expr","locations":[{"start":{"line":305,"column":12},"end":{"line":305,"column":27}},{"start":{"line":305,"column":31},"end":{"line":305,"column":48}}]},"51":{"loc":{"start":{"line":383,"column":81},"end":{"line":383,"column":111}},"type":"cond-expr","locations":[{"start":{"line":383,"column":102},"end":{"line":383,"column":106}},{"start":{"line":383,"column":109},"end":{"line":383,"column":111}}]}},"s":{"0":1,"1":1,"2":1,"3":1,"4":1,"5":1,"6":1,"7":1,"8":1,"9":1,"10":0,"11":0,"12":0,"13":0,"14":0,"15":0,"16":0,"17":0,"18":0,"19":0,"20":0,"21":0,"22":1,"23":6,"24":6,"25":6,"26":6,"27":6,"28":6,"29":6,"30":6,"31":6,"32":0,"33":0,"34":0,"35":0,"36":0,"37":0,"38":0,"39":0,"40":0,"41":0,"42":0,"43":0,"44":0,"45":0,"46":0,"47":0,"48":0,"49":0,"50":0,"51":0,"52":0,"53":0,"54":0,"55":0,"56":0,"57":0,"58":0,"59":0,"60":0,"61":0,"62":0,"63":0,"64":0,"65":0,"66":0,"67":0,"68":0,"69":0,"70":0,"71":0,"72":0,"73":0,"74":0,"75":0,"76":0,"77":0,"78":0,"79":0,"80":0,"81":0,"82":0,"83":0,"84":0,"85":0,"86":0,"87":0,"88":0,"89":0,"90":0,"91":0,"92":0,"93":0,"94":0,"95":0,"96":0,"97":0,"98":0,"99":0,"100":0,"101":0,"102":0,"103":0,"104":0,"105":0,"106":0,"107":0,"108":0,"109":0,"110":0,"111":6,"112":6,"113":1,"114":0,"115":0,"116":0,"117":0,"118":0,"119":0},"f":{"0":0,"1":0,"2":0,"3":6,"4":0,"5":0,"6":0,"7":0,"8":0,"9":0},"b":{"0":[1,0],"1":[0],"2":[0],"3":[0,0],"4":[0,0],"5":[0,0],"6":[0,0],"7":[0,0],"8":[0,0],"9":[0,0],"10":[0,0],"11":[0,0,0],"12":[0,0],"13":[0],"14":[0],"15":[0],"16":[0,0],"17":[0,0],"18":[0,0],"19":[0],"20":[0,0],"21":[0,0],"22":[0,0],"23":[0,0],"24":[0,0],"25":[0,0],"26":[0],"27":[0],"28":[0,0],"29":[0],"30":[0],"31":[0],"32":[0,0],"33":[0,0],"34":[0,0],"35":[0,0],"36":[0,0,0],"37":[0,0],"38":[0],"39":[0,0],"40":[0,0],"41":[0],"42":[0,0],"43":[0],"44":[0,0],"45":[0],"46":[0],"47":[0,0,0,0],"48":[0,0],"49":[0,0],"50":[0,0],"51":[0,0]}}
,"/Users/clintgc/SpaceMonkeyII/functions/gdpr-deletion-handler/index.ts": {"path":"/Users/clintgc/SpaceMonkeyII/functions/gdpr-deletion-handler/index.ts","statementMap":{"0":{"start":{"line":2,"column":0},"end":{"line":2,"column":92}},"1":{"start":{"line":3,"column":0},"end":{"line":3,"column":58}},"2":{"start":{"line":4,"column":0},"end":{"line":4,"column":37}},"3":{"start":{"line":6,"column":18},"end":{"line":6,"column":69}},"4":{"start":{"line":12,"column":23},"end":{"line":204,"column":1}},"5":{"start":{"line":15,"column":2},"end":{"line":15,"column":79}},"6":{"start":{"line":18,"column":26},"end":{"line":25,"column":4}},"7":{"start":{"line":27,"column":2},"end":{"line":203,"column":3}},"8":{"start":{"line":28,"column":22},"end":{"line":28,"column":95}},"9":{"start":{"line":30,"column":4},"end":{"line":39,"column":5}},"10":{"start":{"line":31,"column":6},"end":{"line":38,"column":8}},"11":{"start":{"line":42,"column":4},"end":{"line":52,"column":5}},"12":{"start":{"line":43,"column":6},"end":{"line":48,"column":8}},"13":{"start":{"line":49,"column":6},"end":{"line":49,"column":37}},"14":{"start":{"line":51,"column":6},"end":{"line":51,"column":122}},"15":{"start":{"line":55,"column":4},"end":{"line":81,"column":5}},"16":{"start":{"line":56,"column":26},"end":{"line":63,"column":null}},"17":{"start":{"line":66,"column":6},"end":{"line":78,"column":7}},"18":{"start":{"line":67,"column":8},"end":{"line":77,"column":9}},"19":{"start":{"line":68,"column":10},"end":{"line":73,"column":12}},"20":{"start":{"line":74,"column":10},"end":{"line":74,"column":35}},"21":{"start":{"line":76,"column":10},"end":{"line":76,"column":146}},"22":{"start":{"line":80,"column":6},"end":{"line":80,"column":117}},"23":{"start":{"line":84,"column":4},"end":{"line":110,"column":5}},"24":{"start":{"line":85,"column":28},"end":{"line":92,"column":null}},"25":{"start":{"line":95,"column":6},"end":{"line":107,"column":7}},"26":{"start":{"line":96,"column":8},"end":{"line":106,"column":9}},"27":{"start":{"line":97,"column":10},"end":{"line":102,"column":12}},"28":{"start":{"line":103,"column":10},"end":{"line":103,"column":37}},"29":{"start":{"line":105,"column":10},"end":{"line":105,"column":148}},"30":{"start":{"line":109,"column":6},"end":{"line":109,"column":119}},"31":{"start":{"line":113,"column":4},"end":{"line":140,"column":5}},"32":{"start":{"line":114,"column":26},"end":{"line":122,"column":null}},"33":{"start":{"line":125,"column":6},"end":{"line":137,"column":7}},"34":{"start":{"line":126,"column":8},"end":{"line":136,"column":9}},"35":{"start":{"line":127,"column":10},"end":{"line":132,"column":12}},"36":{"start":{"line":133,"column":10},"end":{"line":133,"column":34}},"37":{"start":{"line":135,"column":10},"end":{"line":135,"column":142}},"38":{"start":{"line":139,"column":6},"end":{"line":139,"column":117}},"39":{"start":{"line":143,"column":4},"end":{"line":170,"column":5}},"40":{"start":{"line":144,"column":36},"end":{"line":152,"column":null}},"41":{"start":{"line":155,"column":6},"end":{"line":167,"column":7}},"42":{"start":{"line":156,"column":8},"end":{"line":166,"column":9}},"43":{"start":{"line":157,"column":10},"end":{"line":162,"column":12}},"44":{"start":{"line":163,"column":10},"end":{"line":163,"column":44}},"45":{"start":{"line":165,"column":10},"end":{"line":165,"column":156}},"46":{"start":{"line":169,"column":6},"end":{"line":169,"column":128}},"47":{"start":{"line":172,"column":4},"end":{"line":172,"column":93}},"48":{"start":{"line":175,"column":23},"end":{"line":175,"column":68}},"49":{"start":{"line":177,"column":4},"end":{"line":189,"column":6}},"50":{"start":{"line":191,"column":4},"end":{"line":191,"column":57}},"51":{"start":{"line":192,"column":4},"end":{"line":202,"column":6}},"52":{"start":{"line":12,"column":13},"end":{"line":12,"column":23}}},"fnMap":{"0":{"name":"(anonymous_0)","decl":{"start":{"line":12,"column":23},"end":{"line":12,"column":28}},"loc":{"start":{"line":14,"column":36},"end":{"line":204,"column":1}}}},"branchMap":{"0":{"loc":{"start":{"line":28,"column":22},"end":{"line":28,"column":95}},"type":"binary-expr","locations":[{"start":{"line":28,"column":22},"end":{"line":28,"column":53}},{"start":{"line":28,"column":57},"end":{"line":28,"column":95}}]},"1":{"loc":{"start":{"line":30,"column":4},"end":{"line":39,"column":5}},"type":"if","locations":[{"start":{"line":30,"column":4},"end":{"line":39,"column":5}}]},"2":{"loc":{"start":{"line":51,"column":62},"end":{"line":51,"column":118}},"type":"cond-expr","locations":[{"start":{"line":51,"column":87},"end":{"line":51,"column":100}},{"start":{"line":51,"column":103},"end":{"line":51,"column":118}}]},"3":{"loc":{"start":{"line":66,"column":25},"end":{"line":66,"column":48}},"type":"binary-expr","locations":[{"start":{"line":66,"column":25},"end":{"line":66,"column":42}},{"start":{"line":66,"column":46},"end":{"line":66,"column":48}}]},"4":{"loc":{"start":{"line":76,"column":86},"end":{"line":76,"column":142}},"type":"cond-expr","locations":[{"start":{"line":76,"column":111},"end":{"line":76,"column":124}},{"start":{"line":76,"column":127},"end":{"line":76,"column":142}}]},"5":{"loc":{"start":{"line":80,"column":57},"end":{"line":80,"column":113}},"type":"cond-expr","locations":[{"start":{"line":80,"column":82},"end":{"line":80,"column":95}},{"start":{"line":80,"column":98},"end":{"line":80,"column":113}}]},"6":{"loc":{"start":{"line":95,"column":25},"end":{"line":95,"column":50}},"type":"binary-expr","locations":[{"start":{"line":95,"column":25},"end":{"line":95,"column":44}},{"start":{"line":95,"column":48},"end":{"line":95,"column":50}}]},"7":{"loc":{"start":{"line":105,"column":88},"end":{"line":105,"column":144}},"type":"cond-expr","locations":[{"start":{"line":105,"column":113},"end":{"line":105,"column":126}},{"start":{"line":105,"column":129},"end":{"line":105,"column":144}}]},"8":{"loc":{"start":{"line":109,"column":59},"end":{"line":109,"column":115}},"type":"cond-expr","locations":[{"start":{"line":109,"column":84},"end":{"line":109,"column":97}},{"start":{"line":109,"column":100},"end":{"line":109,"column":115}}]},"9":{"loc":{"start":{"line":125,"column":25},"end":{"line":125,"column":48}},"type":"binary-expr","locations":[{"start":{"line":125,"column":25},"end":{"line":125,"column":42}},{"start":{"line":125,"column":46},"end":{"line":125,"column":48}}]},"10":{"loc":{"start":{"line":135,"column":82},"end":{"line":135,"column":138}},"type":"cond-expr","locations":[{"start":{"line":135,"column":107},"end":{"line":135,"column":120}},{"start":{"line":135,"column":123},"end":{"line":135,"column":138}}]},"11":{"loc":{"start":{"line":139,"column":57},"end":{"line":139,"column":113}},"type":"cond-expr","locations":[{"start":{"line":139,"column":82},"end":{"line":139,"column":95}},{"start":{"line":139,"column":98},"end":{"line":139,"column":113}}]},"12":{"loc":{"start":{"line":155,"column":25},"end":{"line":155,"column":58}},"type":"binary-expr","locations":[{"start":{"line":155,"column":25},"end":{"line":155,"column":52}},{"start":{"line":155,"column":56},"end":{"line":155,"column":58}}]},"13":{"loc":{"start":{"line":165,"column":96},"end":{"line":165,"column":152}},"type":"cond-expr","locations":[{"start":{"line":165,"column":121},"end":{"line":165,"column":134}},{"start":{"line":165,"column":137},"end":{"line":165,"column":152}}]},"14":{"loc":{"start":{"line":169,"column":68},"end":{"line":169,"column":124}},"type":"cond-expr","locations":[{"start":{"line":169,"column":93},"end":{"line":169,"column":106}},{"start":{"line":169,"column":109},"end":{"line":169,"column":124}}]},"15":{"loc":{"start":{"line":175,"column":23},"end":{"line":175,"column":68}},"type":"cond-expr","locations":[{"start":{"line":175,"column":59},"end":{"line":175,"column":62}},{"start":{"line":175,"column":65},"end":{"line":175,"column":68}}]},"16":{"loc":{"start":{"line":184,"column":17},"end":{"line":184,"column":118}},"type":"cond-expr","locations":[{"start":{"line":184,"column":53},"end":{"line":184,"column":90}},{"start":{"line":184,"column":93},"end":{"line":184,"column":118}}]},"17":{"loc":{"start":{"line":200,"column":17},"end":{"line":200,"column":73}},"type":"cond-expr","locations":[{"start":{"line":200,"column":42},"end":{"line":200,"column":55}},{"start":{"line":200,"column":58},"end":{"line":200,"column":73}}]}},"s":{"0":0,"1":0,"2":0,"3":0,"4":0,"5":0,"6":0,"7":0,"8":0,"9":0,"10":0,"11":0,"12":0,"13":0,"14":0,"15":0,"16":0,"17":0,"18":0,"19":0,"20":0,"21":0,"22":0,"23":0,"24":0,"25":0,"26":0,"27":0,"28":0,"29":0,"30":0,"31":0,"32":0,"33":0,"34":0,"35":0,"36":0,"37":0,"38":0,"39":0,"40":0,"41":0,"42":0,"43":0,"44":0,"45":0,"46":0,"47":0,"48":0,"49":0,"50":0,"51":0,"52":0},"f":{"0":0},"b":{"0":[0,0],"1":[0],"2":[0,0],"3":[0,0],"4":[0,0],"5":[0,0],"6":[0,0],"7":[0,0],"8":[0,0],"9":[0,0],"10":[0,0],"11":[0,0],"12":[0,0],"13":[0,0],"14":[0,0],"15":[0,0],"16":[0,0],"17":[0,0]}}
,"/Users/clintgc/SpaceMonkeyII/functions/poll-handler/index.ts": {"path":"/Users/clintgc/SpaceMonkeyII/functions/poll-handler/index.ts","statementMap":{"0":{"start":{"line":2,"column":0},"end":{"line":2,"column":73}},"1":{"start":{"line":3,"column":0},"end":{"line":3,"column":67}},"2":{"start":{"line":4,"column":0},"end":{"line":4,"column":64}},"3":{"start":{"line":5,"column":0},"end":{"line":5,"column":90}},"4":{"start":{"line":6,"column":0},"end":{"line":6,"column":58}},"5":{"start":{"line":7,"column":0},"end":{"line":7,"column":37}},"6":{"start":{"line":9,"column":18},"end":{"line":9,"column":69}},"7":{"start":{"line":10,"column":18},"end":{"line":10,"column":35}},"8":{"start":{"line":11,"column":18},"end":{"line":11,"column":79}},"9":{"start":{"line":20,"column":23},"end":{"line":125,"column":1}},"10":{"start":{"line":21,"column":2},"end":{"line":21,"column":70}},"11":{"start":{"line":23,"column":59},"end":{"line":23,"column":71}},"12":{"start":{"line":25,"column":2},"end":{"line":124,"column":3}},"13":{"start":{"line":26,"column":25},"end":{"line":29,"column":6}},"14":{"start":{"line":32,"column":19},"end":{"line":32,"column":79}},"15":{"start":{"line":35,"column":21},"end":{"line":35,"column":52}},"16":{"start":{"line":36,"column":23},"end":{"line":36,"column":108}},"17":{"start":{"line":38,"column":4},"end":{"line":53,"column":6}},"18":{"start":{"line":56,"column":4},"end":{"line":120,"column":5}},"19":{"start":{"line":57,"column":27},"end":{"line":67,"column":8}},"20":{"start":{"line":69,"column":6},"end":{"line":89,"column":7}},"21":{"start":{"line":71,"column":8},"end":{"line":76,"column":10}},"22":{"start":{"line":77,"column":13},"end":{"line":89,"column":7}},"23":{"start":{"line":79,"column":8},"end":{"line":84,"column":10}},"24":{"start":{"line":85,"column":13},"end":{"line":89,"column":7}},"25":{"start":{"line":88,"column":8},"end":{"line":88,"column":85}},"26":{"start":{"line":92,"column":6},"end":{"line":109,"column":7}},"27":{"start":{"line":93,"column":26},"end":{"line":93,"column":54}},"28":{"start":{"line":95,"column":27},"end":{"line":99,"column":null}},"29":{"start":{"line":102,"column":8},"end":{"line":108,"column":9}},"30":{"start":{"line":103,"column":10},"end":{"line":107,"column":12}},"31":{"start":{"line":112,"column":6},"end":{"line":119,"column":7}},"32":{"start":{"line":113,"column":8},"end":{"line":118,"column":10}},"33":{"start":{"line":122,"column":4},"end":{"line":122,"column":48}},"34":{"start":{"line":123,"column":4},"end":{"line":123,"column":16}},"35":{"start":{"line":20,"column":13},"end":{"line":20,"column":23}}},"fnMap":{"0":{"name":"(anonymous_0)","decl":{"start":{"line":20,"column":23},"end":{"line":20,"column":28}},"loc":{"start":{"line":20,"column":95},"end":{"line":125,"column":1}}}},"branchMap":{"0":{"loc":{"start":{"line":11,"column":38},"end":{"line":11,"column":78}},"type":"binary-expr","locations":[{"start":{"line":11,"column":38},"end":{"line":11,"column":62}},{"start":{"line":11,"column":66},"end":{"line":11,"column":78}}]},"1":{"loc":{"start":{"line":27,"column":15},"end":{"line":27,"column":79}},"type":"binary-expr","locations":[{"start":{"line":27,"column":15},"end":{"line":27,"column":42}},{"start":{"line":27,"column":46},"end":{"line":27,"column":79}}]},"2":{"loc":{"start":{"line":35,"column":21},"end":{"line":35,"column":52}},"type":"binary-expr","locations":[{"start":{"line":35,"column":21},"end":{"line":35,"column":47}},{"start":{"line":35,"column":51},"end":{"line":35,"column":52}}]},"3":{"loc":{"start":{"line":36,"column":23},"end":{"line":36,"column":108}},"type":"cond-expr","locations":[{"start":{"line":36,"column":39},"end":{"line":36,"column":45}},{"start":{"line":36,"column":48},"end":{"line":36,"column":108}}]},"4":{"loc":{"start":{"line":36,"column":48},"end":{"line":36,"column":108}},"type":"cond-expr","locations":[{"start":{"line":36,"column":64},"end":{"line":36,"column":72}},{"start":{"line":36,"column":75},"end":{"line":36,"column":108}}]},"5":{"loc":{"start":{"line":36,"column":75},"end":{"line":36,"column":108}},"type":"cond-expr","locations":[{"start":{"line":36,"column":91},"end":{"line":36,"column":96}},{"start":{"line":36,"column":99},"end":{"line":36,"column":108}}]},"6":{"loc":{"start":{"line":49,"column":18},"end":{"line":49,"column":47}},"type":"binary-expr","locations":[{"start":{"line":49,"column":18},"end":{"line":49,"column":39}},{"start":{"line":49,"column":43},"end":{"line":49,"column":47}}]},"7":{"loc":{"start":{"line":56,"column":4},"end":{"line":120,"column":5}},"type":"if","locations":[{"start":{"line":56,"column":4},"end":{"line":120,"column":5}}]},"8":{"loc":{"start":{"line":65,"column":24},"end":{"line":65,"column":51}},"type":"binary-expr","locations":[{"start":{"line":65,"column":24},"end":{"line":65,"column":45}},{"start":{"line":65,"column":49},"end":{"line":65,"column":51}}]},"9":{"loc":{"start":{"line":69,"column":6},"end":{"line":89,"column":7}},"type":"if","locations":[{"start":{"line":69,"column":6},"end":{"line":89,"column":7}},{"start":{"line":77,"column":13},"end":{"line":89,"column":7}}]},"10":{"loc":{"start":{"line":77,"column":13},"end":{"line":89,"column":7}},"type":"if","locations":[{"start":{"line":77,"column":13},"end":{"line":89,"column":7}},{"start":{"line":85,"column":13},"end":{"line":89,"column":7}}]},"11":{"loc":{"start":{"line":85,"column":13},"end":{"line":89,"column":7}},"type":"if","locations":[{"start":{"line":85,"column":13},"end":{"line":89,"column":7}}]},"12":{"loc":{"start":{"line":92,"column":6},"end":{"line":109,"column":7}},"type":"if","locations":[{"start":{"line":92,"column":6},"end":{"line":109,"column":7}}]},"13":{"loc":{"start":{"line":92,"column":10},"end":{"line":92,"column":53}},"type":"binary-expr","locations":[{"start":{"line":92,"column":10},"end":{"line":92,"column":24}},{"start":{"line":92,"column":28},"end":{"line":92,"column":53}}]},"14":{"loc":{"start":{"line":102,"column":8},"end":{"line":108,"column":9}},"type":"if","locations":[{"start":{"line":102,"column":8},"end":{"line":108,"column":9}}]},"15":{"loc":{"start":{"line":112,"column":6},"end":{"line":119,"column":7}},"type":"if","locations":[{"start":{"line":112,"column":6},"end":{"line":119,"column":7}}]}},"s":{"0":0,"1":0,"2":0,"3":0,"4":0,"5":0,"6":0,"7":0,"8":0,"9":0,"10":0,"11":0,"12":0,"13":0,"14":0,"15":0,"16":0,"17":0,"18":0,"19":0,"20":0,"21":0,"22":0,"23":0,"24":0,"25":0,"26":0,"27":0,"28":0,"29":0,"30":0,"31":0,"32":0,"33":0,"34":0,"35":0},"f":{"0":0},"b":{"0":[0,0],"1":[0,0],"2":[0,0],"3":[0,0],"4":[0,0],"5":[0,0],"6":[0,0],"7":[0],"8":[0,0],"9":[0,0],"10":[0,0],"11":[0],"12":[0],"13":[0,0],"14":[0],"15":[0]}}
,"/Users/clintgc/SpaceMonkeyII/functions/scan-detail-handler/index.ts": {"path":"/Users/clintgc/SpaceMonkeyII/functions/scan-detail-handler/index.ts","statementMap":{"0":{"start":{"line":2,"column":0},"end":{"line":2,"column":75}},"1":{"start":{"line":3,"column":0},"end":{"line":3,"column":58}},"2":{"start":{"line":4,"column":0},"end":{"line":4,"column":37}},"3":{"start":{"line":6,"column":18},"end":{"line":6,"column":69}},"4":{"start":{"line":8,"column":23},"end":{"line":97,"column":1}},"5":{"start":{"line":11,"column":2},"end":{"line":11,"column":77}},"6":{"start":{"line":13,"column":2},"end":{"line":96,"column":3}},"7":{"start":{"line":14,"column":19},"end":{"line":14,"column":43}},"8":{"start":{"line":16,"column":4},"end":{"line":25,"column":5}},"9":{"start":{"line":17,"column":6},"end":{"line":24,"column":8}},"10":{"start":{"line":28,"column":35},"end":{"line":29,"column":76}},"11":{"start":{"line":31,"column":4},"end":{"line":40,"column":5}},"12":{"start":{"line":32,"column":6},"end":{"line":39,"column":8}},"13":{"start":{"line":42,"column":19},"end":{"line":46,"column":null}},"14":{"start":{"line":49,"column":4},"end":{"line":58,"column":5}},"15":{"start":{"line":50,"column":6},"end":{"line":57,"column":8}},"16":{"start":{"line":61,"column":4},"end":{"line":73,"column":5}},"17":{"start":{"line":62,"column":6},"end":{"line":72,"column":8}},"18":{"start":{"line":75,"column":4},"end":{"line":82,"column":6}},"19":{"start":{"line":84,"column":4},"end":{"line":84,"column":55}},"20":{"start":{"line":85,"column":4},"end":{"line":95,"column":6}},"21":{"start":{"line":8,"column":13},"end":{"line":8,"column":23}}},"fnMap":{"0":{"name":"(anonymous_0)","decl":{"start":{"line":8,"column":23},"end":{"line":8,"column":28}},"loc":{"start":{"line":10,"column":36},"end":{"line":97,"column":1}}}},"branchMap":{"0":{"loc":{"start":{"line":16,"column":4},"end":{"line":25,"column":5}},"type":"if","locations":[{"start":{"line":16,"column":4},"end":{"line":25,"column":5}}]},"1":{"loc":{"start":{"line":28,"column":35},"end":{"line":29,"column":76}},"type":"binary-expr","locations":[{"start":{"line":28,"column":35},"end":{"line":28,"column":64}},{"start":{"line":29,"column":36},"end":{"line":29,"column":76}}]},"2":{"loc":{"start":{"line":31,"column":4},"end":{"line":40,"column":5}},"type":"if","locations":[{"start":{"line":31,"column":4},"end":{"line":40,"column":5}}]},"3":{"loc":{"start":{"line":49,"column":4},"end":{"line":58,"column":5}},"type":"if","locations":[{"start":{"line":49,"column":4},"end":{"line":58,"column":5}}]},"4":{"loc":{"start":{"line":61,"column":4},"end":{"line":73,"column":5}},"type":"if","locations":[{"start":{"line":61,"column":4},"end":{"line":73,"column":5}}]},"5":{"loc":{"start":{"line":93,"column":17},"end":{"line":93,"column":73}},"type":"cond-expr","locations":[{"start":{"line":93,"column":42},"end":{"line":93,"column":55}},{"start":{"line":93,"column":58},"end":{"line":93,"column":73}}]}},"s":{"0":0,"1":0,"2":0,"3":0,"4":0,"5":0,"6":0,"7":0,"8":0,"9":0,"10":0,"11":0,"12":0,"13":0,"14":0,"15":0,"16":0,"17":0,"18":0,"19":0,"20":0,"21":0},"f":{"0":0},"b":{"0":[0],"1":[0,0],"2":[0],"3":[0],"4":[0],"5":[0,0]}}
,"/Users/clintgc/SpaceMonkeyII/functions/scan-handler/index.ts": {"path":"/Users/clintgc/SpaceMonkeyII/functions/scan-handler/index.ts","statementMap":{"0":{"start":{"line":2,"column":0},"end":{"line":2,"column":36}},"1":{"start":{"line":3,"column":0},"end":{"line":3,"column":73}},"2":{"start":{"line":4,"column":0},"end":{"line":4,"column":67}},"3":{"start":{"line":6,"column":0},"end":{"line":6,"column":90}},"4":{"start":{"line":7,"column":0},"end":{"line":7,"column":58}},"5":{"start":{"line":8,"column":0},"end":{"line":8,"column":84}},"6":{"start":{"line":9,"column":0},"end":{"line":9,"column":82}},"7":{"start":{"line":10,"column":0},"end":{"line":10,"column":69}},"8":{"start":{"line":11,"column":0},"end":{"line":11,"column":110}},"9":{"start":{"line":12,"column":0},"end":{"line":12,"column":31}},"10":{"start":{"line":13,"column":0},"end":{"line":13,"column":42}},"11":{"start":{"line":14,"column":0},"end":{"line":14,"column":37}},"12":{"start":{"line":16,"column":18},"end":{"line":16,"column":69}},"13":{"start":{"line":17,"column":25},"end":{"line":17,"column":49}},"14":{"start":{"line":18,"column":26},"end":{"line":18,"column":51}},"15":{"start":{"line":19,"column":18},"end":{"line":19,"column":35}},"16":{"start":{"line":20,"column":18},"end":{"line":20,"column":79}},"17":{"start":{"line":23,"column":42},"end":{"line":23,"column":46}},"18":{"start":{"line":26,"column":20},"end":{"line":26,"column":25}},"19":{"start":{"line":27,"column":23},"end":{"line":27,"column":39}},"20":{"start":{"line":28,"column":33},"end":{"line":28,"column":37}},"21":{"start":{"line":29,"column":26},"end":{"line":29,"column":28}},"22":{"start":{"line":30,"column":27},"end":{"line":30,"column":31}},"23":{"start":{"line":31,"column":23},"end":{"line":31,"column":28}},"24":{"start":{"line":34,"column":21},"end":{"line":39,"column":2}},"25":{"start":{"line":45,"column":19},"end":{"line":51,"column":4}},"26":{"start":{"line":52,"column":2},"end":{"line":52,"column":40}},"27":{"start":{"line":59,"column":41},"end":{"line":64,"column":4}},"28":{"start":{"line":66,"column":2},"end":{"line":76,"column":3}},"29":{"start":{"line":67,"column":4},"end":{"line":71,"column":6}},"30":{"start":{"line":73,"column":4},"end":{"line":75,"column":6}},"31":{"start":{"line":78,"column":2},"end":{"line":78,"column":43}},"32":{"start":{"line":89,"column":2},"end":{"line":94,"column":5}},"33":{"start":{"line":92,"column":6},"end":{"line":92,"column":66}},"34":{"start":{"line":92,"column":23},"end":{"line":92,"column":54}},"35":{"start":{"line":101,"column":2},"end":{"line":134,"column":3}},"36":{"start":{"line":102,"column":23},"end":{"line":102,"column":42}},"37":{"start":{"line":103,"column":19},"end":{"line":103,"column":46}},"38":{"start":{"line":106,"column":4},"end":{"line":111,"column":5}},"39":{"start":{"line":107,"column":6},"end":{"line":110,"column":8}},"40":{"start":{"line":114,"column":4},"end":{"line":119,"column":5}},"41":{"start":{"line":115,"column":6},"end":{"line":118,"column":8}},"42":{"start":{"line":122,"column":4},"end":{"line":127,"column":5}},"43":{"start":{"line":123,"column":6},"end":{"line":126,"column":8}},"44":{"start":{"line":130,"column":4},"end":{"line":133,"column":6}},"45":{"start":{"line":137,"column":2},"end":{"line":142,"column":3}},"46":{"start":{"line":138,"column":4},"end":{"line":141,"column":6}},"47":{"start":{"line":144,"column":2},"end":{"line":147,"column":4}},"48":{"start":{"line":150,"column":23},"end":{"line":586,"column":1}},"49":{"start":{"line":153,"column":20},"end":{"line":153,"column":62}},"50":{"start":{"line":154,"column":2},"end":{"line":154,"column":53}},"51":{"start":{"line":156,"column":2},"end":{"line":585,"column":3}},"52":{"start":{"line":158,"column":4},"end":{"line":168,"column":5}},"53":{"start":{"line":159,"column":6},"end":{"line":159,"column":57}},"54":{"start":{"line":160,"column":6},"end":{"line":167,"column":8}},"55":{"start":{"line":171,"column":4},"end":{"line":183,"column":5}},"56":{"start":{"line":172,"column":6},"end":{"line":172,"column":42}},"57":{"start":{"line":174,"column":6},"end":{"line":174,"column":73}},"58":{"start":{"line":175,"column":6},"end":{"line":182,"column":8}},"59":{"start":{"line":186,"column":29},"end":{"line":186,"column":79}},"60":{"start":{"line":187,"column":4},"end":{"line":197,"column":5}},"61":{"start":{"line":188,"column":6},"end":{"line":191,"column":9}},"62":{"start":{"line":192,"column":6},"end":{"line":196,"column":8}},"63":{"start":{"line":199,"column":20},"end":{"line":199,"column":41}},"64":{"start":{"line":200,"column":57},"end":{"line":200,"column":73}},"65":{"start":{"line":202,"column":4},"end":{"line":202,"column":79}},"66":{"start":{"line":205,"column":17},"end":{"line":205,"column":75}},"67":{"start":{"line":206,"column":18},"end":{"line":206,"column":59}},"68":{"start":{"line":208,"column":22},"end":{"line":208,"column":43}},"69":{"start":{"line":209,"column":29},"end":{"line":209,"column":58}},"70":{"start":{"line":212,"column":4},"end":{"line":247,"column":5}},"71":{"start":{"line":214,"column":30},"end":{"line":214,"column":73}},"72":{"start":{"line":215,"column":6},"end":{"line":220,"column":9}},"73":{"start":{"line":222,"column":6},"end":{"line":222,"column":88}},"74":{"start":{"line":225,"column":6},"end":{"line":246,"column":7}},"75":{"start":{"line":226,"column":8},"end":{"line":243,"column":10}},"76":{"start":{"line":245,"column":8},"end":{"line":245,"column":88}},"77":{"start":{"line":249,"column":4},"end":{"line":259,"column":5}},"78":{"start":{"line":250,"column":6},"end":{"line":250,"column":73}},"79":{"start":{"line":251,"column":6},"end":{"line":258,"column":8}},"80":{"start":{"line":262,"column":20},"end":{"line":262,"column":57}},"81":{"start":{"line":264,"column":4},"end":{"line":274,"column":5}},"82":{"start":{"line":265,"column":6},"end":{"line":265,"column":67}},"83":{"start":{"line":266,"column":6},"end":{"line":273,"column":8}},"84":{"start":{"line":277,"column":4},"end":{"line":279,"column":5}},"85":{"start":{"line":278,"column":6},"end":{"line":278,"column":63}},"86":{"start":{"line":283,"column":26},"end":{"line":283,"column":62}},"87":{"start":{"line":285,"column":4},"end":{"line":301,"column":5}},"88":{"start":{"line":287,"column":6},"end":{"line":299,"column":7}},"89":{"start":{"line":288,"column":8},"end":{"line":298,"column":9}},"90":{"start":{"line":289,"column":27},"end":{"line":293,"column":null}},"91":{"start":{"line":295,"column":10},"end":{"line":295,"column":67}},"92":{"start":{"line":297,"column":10},"end":{"line":297,"column":75}},"93":{"start":{"line":300,"column":6},"end":{"line":300,"column":78}},"94":{"start":{"line":303,"column":4},"end":{"line":313,"column":5}},"95":{"start":{"line":304,"column":6},"end":{"line":304,"column":65}},"96":{"start":{"line":305,"column":6},"end":{"line":312,"column":8}},"97":{"start":{"line":316,"column":25},"end":{"line":319,"column":6}},"98":{"start":{"line":322,"column":19},"end":{"line":322,"column":27}},"99":{"start":{"line":323,"column":4},"end":{"line":323,"column":60}},"100":{"start":{"line":327,"column":46},"end":{"line":327,"column":50}},"101":{"start":{"line":329,"column":4},"end":{"line":549,"column":5}},"102":{"start":{"line":330,"column":6},"end":{"line":366,"column":7}},"103":{"start":{"line":332,"column":26},"end":{"line":332,"column":68}},"104":{"start":{"line":333,"column":8},"end":{"line":348,"column":9}},"105":{"start":{"line":334,"column":10},"end":{"line":339,"column":13}},"106":{"start":{"line":340,"column":10},"end":{"line":347,"column":12}},"107":{"start":{"line":349,"column":8},"end":{"line":349,"column":59}},"108":{"start":{"line":350,"column":8},"end":{"line":354,"column":11}},"109":{"start":{"line":355,"column":13},"end":{"line":366,"column":7}},"110":{"start":{"line":357,"column":8},"end":{"line":357,"column":36}},"111":{"start":{"line":358,"column":8},"end":{"line":358,"column":90}},"112":{"start":{"line":360,"column":8},"end":{"line":360,"column":67}},"113":{"start":{"line":361,"column":8},"end":{"line":365,"column":10}},"114":{"start":{"line":369,"column":6},"end":{"line":374,"column":9}},"115":{"start":{"line":378,"column":29},"end":{"line":402,"column":8}},"116":{"start":{"line":393,"column":28},"end":{"line":393,"column":52}},"117":{"start":{"line":394,"column":8},"end":{"line":400,"column":11}},"118":{"start":{"line":401,"column":8},"end":{"line":401,"column":45}},"119":{"start":{"line":405,"column":6},"end":{"line":409,"column":9}},"120":{"start":{"line":412,"column":6},"end":{"line":416,"column":7}},"121":{"start":{"line":414,"column":8},"end":{"line":414,"column":28}},"122":{"start":{"line":415,"column":8},"end":{"line":415,"column":27}},"123":{"start":{"line":417,"column":6},"end":{"line":417,"column":25}},"124":{"start":{"line":420,"column":24},"end":{"line":420,"column":48}},"125":{"start":{"line":421,"column":6},"end":{"line":438,"column":8}},"126":{"start":{"line":441,"column":6},"end":{"line":473,"column":7}},"127":{"start":{"line":442,"column":8},"end":{"line":453,"column":10}},"128":{"start":{"line":454,"column":8},"end":{"line":454,"column":81}},"129":{"start":{"line":457,"column":8},"end":{"line":471,"column":9}},"130":{"start":{"line":458,"column":10},"end":{"line":462,"column":13}},"131":{"start":{"line":463,"column":10},"end":{"line":470,"column":12}},"132":{"start":{"line":472,"column":8},"end":{"line":472,"column":20}},"133":{"start":{"line":476,"column":6},"end":{"line":521,"column":7}},"134":{"start":{"line":478,"column":8},"end":{"line":488,"column":10}},"135":{"start":{"line":491,"column":8},"end":{"line":520,"column":9}},"136":{"start":{"line":492,"column":10},"end":{"line":507,"column":12}},"137":{"start":{"line":508,"column":10},"end":{"line":512,"column":13}},"138":{"start":{"line":514,"column":10},"end":{"line":518,"column":13}},"139":{"start":{"line":524,"column":37},"end":{"line":529,"column":8}},"140":{"start":{"line":531,"column":6},"end":{"line":536,"column":9}},"141":{"start":{"line":538,"column":6},"end":{"line":542,"column":8}},"142":{"start":{"line":545,"column":6},"end":{"line":548,"column":7}},"143":{"start":{"line":546,"column":8},"end":{"line":546,"column":28}},"144":{"start":{"line":547,"column":8},"end":{"line":547,"column":27}},"145":{"start":{"line":551,"column":4},"end":{"line":551,"column":63}},"146":{"start":{"line":554,"column":4},"end":{"line":560,"column":5}},"147":{"start":{"line":555,"column":6},"end":{"line":559,"column":8}},"148":{"start":{"line":563,"column":4},"end":{"line":573,"column":5}},"149":{"start":{"line":564,"column":26},"end":{"line":564,"column":50}},"150":{"start":{"line":565,"column":6},"end":{"line":572,"column":8}},"151":{"start":{"line":576,"column":4},"end":{"line":584,"column":6}},"152":{"start":{"line":150,"column":13},"end":{"line":150,"column":23}}},"fnMap":{"0":{"name":"log","decl":{"start":{"line":44,"column":9},"end":{"line":44,"column":12}},"loc":{"start":{"line":44,"column":90},"end":{"line":53,"column":1}}},"1":{"name":"logError","decl":{"start":{"line":58,"column":9},"end":{"line":58,"column":17}},"loc":{"start":{"line":58,"column":63},"end":{"line":79,"column":1}}},"2":{"name":"withTimeout","decl":{"start":{"line":84,"column":15},"end":{"line":84,"column":26}},"loc":{"start":{"line":87,"column":22},"end":{"line":95,"column":1}}},"3":{"name":"(anonymous_4)","decl":{"start":{"line":91,"column":19},"end":{"line":91,"column":20}},"loc":{"start":{"line":92,"column":6},"end":{"line":92,"column":66}}},"4":{"name":"(anonymous_5)","decl":{"start":{"line":92,"column":17},"end":{"line":92,"column":20}},"loc":{"start":{"line":92,"column":23},"end":{"line":92,"column":54}}},"5":{"name":"handleCaptisError","decl":{"start":{"line":100,"column":9},"end":{"line":100,"column":26}},"loc":{"start":{"line":100,"column":41},"end":{"line":148,"column":1}}},"6":{"name":"(anonymous_7)","decl":{"start":{"line":150,"column":23},"end":{"line":150,"column":28}},"loc":{"start":{"line":152,"column":36},"end":{"line":586,"column":1}}},"7":{"name":"(anonymous_8)","decl":{"start":{"line":391,"column":14},"end":{"line":391,"column":15}},"loc":{"start":{"line":391,"column":24},"end":{"line":402,"column":7}}}},"branchMap":{"0":{"loc":{"start":{"line":20,"column":38},"end":{"line":20,"column":78}},"type":"binary-expr","locations":[{"start":{"line":20,"column":38},"end":{"line":20,"column":62}},{"start":{"line":20,"column":66},"end":{"line":20,"column":78}}]},"1":{"loc":{"start":{"line":66,"column":2},"end":{"line":76,"column":3}},"type":"if","locations":[{"start":{"line":66,"column":2},"end":{"line":76,"column":3}},{"start":{"line":72,"column":9},"end":{"line":76,"column":3}}]},"2":{"loc":{"start":{"line":101,"column":2},"end":{"line":134,"column":3}},"type":"if","locations":[{"start":{"line":101,"column":2},"end":{"line":134,"column":3}}]},"3":{"loc":{"start":{"line":106,"column":4},"end":{"line":111,"column":5}},"type":"if","locations":[{"start":{"line":106,"column":4},"end":{"line":111,"column":5}}]},"4":{"loc":{"start":{"line":106,"column":8},"end":{"line":106,"column":40}},"type":"binary-expr","locations":[{"start":{"line":106,"column":8},"end":{"line":106,"column":22}},{"start":{"line":106,"column":26},"end":{"line":106,"column":40}}]},"5":{"loc":{"start":{"line":114,"column":4},"end":{"line":119,"column":5}},"type":"if","locations":[{"start":{"line":114,"column":4},"end":{"line":119,"column":5}}]},"6":{"loc":{"start":{"line":122,"column":4},"end":{"line":127,"column":5}},"type":"if","locations":[{"start":{"line":122,"column":4},"end":{"line":127,"column":5}}]},"7":{"loc":{"start":{"line":122,"column":8},"end":{"line":122,"column":31}},"type":"binary-expr","locations":[{"start":{"line":122,"column":8},"end":{"line":122,"column":14}},{"start":{"line":122,"column":18},"end":{"line":122,"column":31}}]},"8":{"loc":{"start":{"line":132,"column":36},"end":{"line":132,"column":55}},"type":"binary-expr","locations":[{"start":{"line":132,"column":36},"end":{"line":132,"column":42}},{"start":{"line":132,"column":46},"end":{"line":132,"column":55}}]},"9":{"loc":{"start":{"line":137,"column":2},"end":{"line":142,"column":3}},"type":"if","locations":[{"start":{"line":137,"column":2},"end":{"line":142,"column":3}}]},"10":{"loc":{"start":{"line":153,"column":20},"end":{"line":153,"column":62}},"type":"binary-expr","locations":[{"start":{"line":153,"column":20},"end":{"line":153,"column":50}},{"start":{"line":153,"column":54},"end":{"line":153,"column":62}}]},"11":{"loc":{"start":{"line":158,"column":4},"end":{"line":168,"column":5}},"type":"if","locations":[{"start":{"line":158,"column":4},"end":{"line":168,"column":5}}]},"12":{"loc":{"start":{"line":187,"column":4},"end":{"line":197,"column":5}},"type":"if","locations":[{"start":{"line":187,"column":4},"end":{"line":197,"column":5}}]},"13":{"loc":{"start":{"line":205,"column":26},"end":{"line":205,"column":49}},"type":"binary-expr","locations":[{"start":{"line":205,"column":26},"end":{"line":205,"column":35}},{"start":{"line":205,"column":39},"end":{"line":205,"column":49}}]},"14":{"loc":{"start":{"line":208,"column":22},"end":{"line":208,"column":43}},"type":"binary-expr","locations":[{"start":{"line":208,"column":22},"end":{"line":208,"column":38}},{"start":{"line":208,"column":42},"end":{"line":208,"column":43}}]},"15":{"loc":{"start":{"line":212,"column":4},"end":{"line":247,"column":5}},"type":"if","locations":[{"start":{"line":212,"column":4},"end":{"line":247,"column":5}}]},"16":{"loc":{"start":{"line":212,"column":8},"end":{"line":213,"column":82}},"type":"binary-expr","locations":[{"start":{"line":212,"column":8},"end":{"line":212,"column":37}},{"start":{"line":212,"column":42},"end":{"line":212,"column":62}},{"start":{"line":213,"column":8},"end":{"line":213,"column":81}}]},"17":{"loc":{"start":{"line":249,"column":4},"end":{"line":259,"column":5}},"type":"if","locations":[{"start":{"line":249,"column":4},"end":{"line":259,"column":5}}]},"18":{"loc":{"start":{"line":264,"column":4},"end":{"line":274,"column":5}},"type":"if","locations":[{"start":{"line":264,"column":4},"end":{"line":274,"column":5}}]},"19":{"loc":{"start":{"line":277,"column":4},"end":{"line":279,"column":5}},"type":"if","locations":[{"start":{"line":277,"column":4},"end":{"line":279,"column":5}}]},"20":{"loc":{"start":{"line":285,"column":4},"end":{"line":301,"column":5}},"type":"if","locations":[{"start":{"line":285,"column":4},"end":{"line":301,"column":5}}]},"21":{"loc":{"start":{"line":287,"column":6},"end":{"line":299,"column":7}},"type":"if","locations":[{"start":{"line":287,"column":6},"end":{"line":299,"column":7}}]},"22":{"loc":{"start":{"line":295,"column":33},"end":{"line":295,"column":66}},"type":"binary-expr","locations":[{"start":{"line":295,"column":33},"end":{"line":295,"column":58}},{"start":{"line":295,"column":62},"end":{"line":295,"column":66}}]},"23":{"loc":{"start":{"line":300,"column":24},"end":{"line":300,"column":77}},"type":"binary-expr","locations":[{"start":{"line":300,"column":24},"end":{"line":300,"column":44}},{"start":{"line":300,"column":48},"end":{"line":300,"column":77}}]},"24":{"loc":{"start":{"line":303,"column":4},"end":{"line":313,"column":5}},"type":"if","locations":[{"start":{"line":303,"column":4},"end":{"line":313,"column":5}}]},"25":{"loc":{"start":{"line":317,"column":15},"end":{"line":317,"column":79}},"type":"binary-expr","locations":[{"start":{"line":317,"column":15},"end":{"line":317,"column":42}},{"start":{"line":317,"column":46},"end":{"line":317,"column":79}}]},"26":{"loc":{"start":{"line":330,"column":6},"end":{"line":366,"column":7}},"type":"if","locations":[{"start":{"line":330,"column":6},"end":{"line":366,"column":7}},{"start":{"line":355,"column":13},"end":{"line":366,"column":7}}]},"27":{"loc":{"start":{"line":330,"column":10},"end":{"line":330,"column":80}},"type":"binary-expr","locations":[{"start":{"line":330,"column":10},"end":{"line":330,"column":43}},{"start":{"line":330,"column":47},"end":{"line":330,"column":80}}]},"28":{"loc":{"start":{"line":333,"column":8},"end":{"line":348,"column":9}},"type":"if","locations":[{"start":{"line":333,"column":8},"end":{"line":348,"column":9}}]},"29":{"loc":{"start":{"line":355,"colu
[...]
":50}},"16":{"start":{"line":125,"column":4},"end":{"line":136,"column":6}},"17":{"start":{"line":140,"column":19},"end":{"line":148,"column":null}},"18":{"start":{"line":150,"column":4},"end":{"line":150,"column":52}},"19":{"start":{"line":159,"column":4},"end":{"line":170,"column":6}},"20":{"start":{"line":174,"column":19},"end":{"line":181,"column":null}},"21":{"start":{"line":183,"column":4},"end":{"line":183,"column":57}},"22":{"start":{"line":191,"column":4},"end":{"line":200,"column":6}},"23":{"start":{"line":205,"column":19},"end":{"line":212,"column":null}},"24":{"start":{"line":214,"column":4},"end":{"line":214,"column":49}},"25":{"start":{"line":223,"column":22},"end":{"line":223,"column":46}},"26":{"start":{"line":224,"column":4},"end":{"line":236,"column":6}},"27":{"start":{"line":240,"column":4},"end":{"line":249,"column":6}},"28":{"start":{"line":253,"column":4},"end":{"line":258,"column":6}},"29":{"start":{"line":263,"column":19},"end":{"line":267,"column":null}},"30":{"start":{"line":269,"column":4},"end":{"line":269,"column":48}},"31":{"start":{"line":273,"column":22},"end":{"line":273,"column":46}},"32":{"start":{"line":274,"column":4},"end":{"line":283,"column":6}},"33":{"start":{"line":27,"column":0},"end":{"line":27,"column":13}}},"fnMap":{"0":{"name":"(anonymous_0)","decl":{"start":{"line":31,"column":2},"end":{"line":31,"column":14}},"loc":{"start":{"line":31,"column":48},"end":{"line":35,"column":3}}},"1":{"name":"(anonymous_1)","decl":{"start":{"line":38,"column":2},"end":{"line":38,"column":7}},"loc":{"start":{"line":38,"column":48},"end":{"line":46,"column":3}}},"2":{"name":"(anonymous_2)","decl":{"start":{"line":48,"column":2},"end":{"line":48,"column":7}},"loc":{"start":{"line":52,"column":25},"end":{"line":66,"column":3}}},"3":{"name":"(anonymous_3)","decl":{"start":{"line":68,"column":2},"end":{"line":68,"column":7}},"loc":{"start":{"line":68,"column":54},"end":{"line":80,"column":3}}},"4":{"name":"(anonymous_4)","decl":{"start":{"line":83,"column":2},"end":{"line":83,"column":7}},"loc":{"start":{"line":83,"column":36},"end":{"line":91,"column":3}}},"5":{"name":"(anonymous_5)","decl":{"start":{"line":93,"column":2},"end":{"line":93,"column":7}},"loc":{"start":{"line":93,"column":63},"end":{"line":104,"column":3}}},"6":{"name":"(anonymous_6)","decl":{"start":{"line":107,"column":2},"end":{"line":107,"column":7}},"loc":{"start":{"line":110,"column":42},"end":{"line":137,"column":3}}},"7":{"name":"(anonymous_7)","decl":{"start":{"line":139,"column":2},"end":{"line":139,"column":7}},"loc":{"start":{"line":139,"column":53},"end":{"line":151,"column":3}}},"8":{"name":"(anonymous_8)","decl":{"start":{"line":154,"column":2},"end":{"line":154,"column":7}},"loc":{"start":{"line":157,"column":22},"end":{"line":171,"column":3}}},"9":{"name":"(anonymous_9)","decl":{"start":{"line":173,"column":2},"end":{"line":173,"column":7}},"loc":{"start":{"line":173,"column":49},"end":{"line":184,"column":3}}},"10":{"name":"(anonymous_10)","decl":{"start":{"line":186,"column":2},"end":{"line":186,"column":7}},"loc":{"start":{"line":189,"column":20},"end":{"line":201,"column":3}}},"11":{"name":"(anonymous_11)","decl":{"start":{"line":204,"column":2},"end":{"line":204,"column":7}},"loc":{"start":{"line":204,"column":41},"end":{"line":215,"column":3}}},"12":{"name":"(anonymous_12)","decl":{"start":{"line":217,"column":2},"end":{"line":217,"column":7}},"loc":{"start":{"line":221,"column":23},"end":{"line":237,"column":3}}},"13":{"name":"(anonymous_13)","decl":{"start":{"line":239,"column":2},"end":{"line":239,"column":7}},"loc":{"start":{"line":239,"column":72},"end":{"line":250,"column":3}}},"14":{"name":"(anonymous_14)","decl":{"start":{"line":252,"column":2},"end":{"line":252,"column":7}},"loc":{"start":{"line":252,"column":64},"end":{"line":259,"column":3}}},"15":{"name":"(anonymous_15)","decl":{"start":{"line":262,"column":2},"end":{"line":262,"column":7}},"loc":{"start":{"line":262,"column":43},"end":{"line":270,"column":3}}},"16":{"name":"(anonymous_16)","decl":{"start":{"line":272,"column":2},"end":{"line":272,"column":7}},"loc":{"start":{"line":272,"column":52},"end":{"line":284,"column":3}}}},"branchMap":{"0":{"loc":{"start":{"line":31,"column":14},"end":{"line":31,"column":48}},"type":"default-arg","locations":[{"start":{"line":31,"column":36},"end":{"line":31,"column":48}}]},"1":{"loc":{"start":{"line":58,"column":79},"end":{"line":58,"column":125}},"type":"cond-expr","locations":[{"start":{"line":58,"column":94},"end":{"line":58,"column":120}},{"start":{"line":58,"column":123},"end":{"line":58,"column":125}}]},"2":{"loc":{"start":{"line":62,"column":14},"end":{"line":62,"column":57}},"type":"binary-expr","locations":[{"start":{"line":62,"column":14},"end":{"line":62,"column":26}},{"start":{"line":62,"column":30},"end":{"line":62,"column":57}}]},"3":{"loc":{"start":{"line":122,"column":30},"end":{"line":122,"column":60}},"type":"binary-expr","locations":[{"start":{"line":122,"column":30},"end":{"line":122,"column":54}},{"start":{"line":122,"column":58},"end":{"line":122,"column":60}}]},"4":{"loc":{"start":{"line":150,"column":12},"end":{"line":150,"column":30}},"type":"binary-expr","locations":[{"start":{"line":150,"column":12},"end":{"line":150,"column":24}},{"start":{"line":150,"column":28},"end":{"line":150,"column":30}}]},"5":{"loc":{"start":{"line":183,"column":12},"end":{"line":183,"column":30}},"type":"binary-expr","locations":[{"start":{"line":183,"column":12},"end":{"line":183,"column":24}},{"start":{"line":183,"column":28},"end":{"line":183,"column":30}}]},"6":{"loc":{"start":{"line":214,"column":12},"end":{"line":214,"column":30}},"type":"binary-expr","locations":[{"start":{"line":214,"column":12},"end":{"line":214,"column":24}},{"start":{"line":214,"column":28},"end":{"line":214,"column":30}}]},"7":{"loc":{"start":{"line":280,"column":21},"end":{"line":280,"column":51}},"type":"binary-expr","locations":[{"start":{"line":280,"column":21},"end":{"line":280,"column":38}},{"start":{"line":280,"column":42},"end":{"line":280,"column":51}}]}},"s":{"0":3,"1":3,"2":0,"3":0,"4":0,"5":0,"6":0,"7":0,"8":0,"9":0,"10":0,"11":0,"12":0,"13":0,"14":0,"15":0,"16":0,"17":0,"18":0,"19":0,"20":0,"21":0,"22":0,"23":0,"24":0,"25":0,"26":0,"27":0,"28":0,"29":0,"30":0,"31":0,"32":0,"33":3},"f":{"0":0,"1":0,"2":0,"3":0,"4":0,"5":0,"6":0,"7":0,"8":0,"9":0,"10":0,"11":0,"12":0,"13":0,"14":0,"15":0,"16":0},"b":{"0":[0],"1":[0,0],"2":[0,0],"3":[0,0],"4":[0,0],"5":[0,0],"6":[0,0],"7":[0,0]}}
,"/Users/clintgc/SpaceMonkeyII/shared/services/fcm-client.ts": {"path":"/Users/clintgc/SpaceMonkeyII/shared/services/fcm-client.ts","statementMap":{"0":{"start":{"line":1,"column":0},"end":{"line":1,"column":40}},"1":{"start":{"line":20,"column":4},"end":{"line":30,"column":5}},"2":{"start":{"line":21,"column":6},"end":{"line":27,"column":9}},"3":{"start":{"line":29,"column":6},"end":{"line":29,"column":29}},"4":{"start":{"line":41,"column":4},"end":{"line":43,"column":5}},"5":{"start":{"line":42,"column":6},"end":{"line":42,"column":51}},"6":{"start":{"line":45,"column":54},"end":{"line":64,"column":6}},"7":{"start":{"line":66,"column":4},"end":{"line":66,"column":65}},"8":{"start":{"line":77,"column":45},"end":{"line":96,"column":6}},"9":{"start":{"line":98,"column":4},"end":{"line":98,"column":49}},"10":{"start":{"line":109,"column":4},"end":{"line":112,"column":7}},"11":{"start":{"line":16,"column":0},"end":{"line":16,"column":13}}},"fnMap":{"0":{"name":"(anonymous_9)","decl":{"start":{"line":19,"column":2},"end":{"line":19,"column":14}},"loc":{"start":{"line":19,"column":31},"end":{"line":31,"column":3}}},"1":{"name":"(anonymous_10)","decl":{"start":{"line":37,"column":2},"end":{"line":37,"column":7}},"loc":{"start":{"line":39,"column":33},"end":{"line":67,"column":3}}},"2":{"name":"(anonymous_11)","decl":{"start":{"line":73,"column":2},"end":{"line":73,"column":7}},"loc":{"start":{"line":75,"column":33},"end":{"line":99,"column":3}}},"3":{"name":"(anonymous_12)","decl":{"start":{"line":105,"column":2},"end":{"line":105,"column":7}},"loc":{"start":{"line":107,"column":32},"end":{"line":113,"column":3}}}},"branchMap":{"0":{"loc":{"start":{"line":20,"column":4},"end":{"line":30,"column":5}},"type":"if","locations":[{"start":{"line":20,"column":4},"end":{"line":30,"column":5}},{"start":{"line":28,"column":11},"end":{"line":30,"column":5}}]},"1":{"loc":{"start":{"line":41,"column":4},"end":{"line":43,"column":5}},"type":"if","locations":[{"start":{"line":41,"column":4},"end":{"line":43,"column":5}}]},"2":{"loc":{"start":{"line":47,"column":10},"end":{"line":52,"column":8}},"type":"cond-expr","locations":[{"start":{"line":47,"column":32},"end":{"line":47,"column":34}},{"start":{"line":47,"column":37},"end":{"line":52,"column":8}}]},"3":{"loc":{"start":{"line":49,"column":17},"end":{"line":49,"column":41}},"type":"binary-expr","locations":[{"start":{"line":49,"column":17},"end":{"line":49,"column":35}},{"start":{"line":49,"column":39},"end":{"line":49,"column":41}}]},"4":{"loc":{"start":{"line":50,"column":16},"end":{"line":50,"column":39}},"type":"binary-expr","locations":[{"start":{"line":50,"column":16},"end":{"line":50,"column":33}},{"start":{"line":50,"column":37},"end":{"line":50,"column":39}}]},"5":{"loc":{"start":{"line":53,"column":12},"end":{"line":53,"column":35}},"type":"binary-expr","locations":[{"start":{"line":53,"column":12},"end":{"line":53,"column":29}},{"start":{"line":53,"column":33},"end":{"line":53,"column":35}}]},"6":{"loc":{"start":{"line":56,"column":10},"end":{"line":63,"column":12}},"type":"cond-expr","locations":[{"start":{"line":56,"column":32},"end":{"line":63,"column":8}},{"start":{"line":63,"column":10},"end":{"line":63,"column":12}}]},"7":{"loc":{"start":{"line":79,"column":10},"end":{"line":84,"column":8}},"type":"cond-expr","locations":[{"start":{"line":79,"column":32},"end":{"line":79,"column":34}},{"start":{"line":79,"column":37},"end":{"line":84,"column":8}}]},"8":{"loc":{"start":{"line":81,"column":17},"end":{"line":81,"column":41}},"type":"binary-expr","locations":[{"start":{"line":81,"column":17},"end":{"line":81,"column":35}},{"start":{"line":81,"column":39},"end":{"line":81,"column":41}}]},"9":{"loc":{"start":{"line":82,"column":16},"end":{"line":82,"column":39}},"type":"binary-expr","locations":[{"start":{"line":82,"column":16},"end":{"line":82,"column":33}},{"start":{"line":82,"column":37},"end":{"line":82,"column":39}}]},"10":{"loc":{"start":{"line":85,"column":12},"end":{"line":85,"column":35}},"type":"binary-expr","locations":[{"start":{"line":85,"column":12},"end":{"line":85,"column":29}},{"start":{"line":85,"column":33},"end":{"line":85,"column":35}}]},"11":{"loc":{"start":{"line":88,"column":10},"end":{"line":95,"column":12}},"type":"cond-expr","locations":[{"start":{"line":88,"column":32},"end":{"line":95,"column":8}},{"start":{"line":95,"column":10},"end":{"line":95,"column":12}}]}},"s":{"0":1,"1":0,"2":0,"3":0,"4":0,"5":0,"6":0,"7":0,"8":0,"9":0,"10":0,"11":1},"f":{"0":0,"1":0,"2":0,"3":0},"b":{"0":[0,0],"1":[0],"2":[0,0],"3":[0,0],"4":[0,0],"5":[0,0],"6":[0,0],"7":[0,0],"8":[0,0],"9":[0,0],"10":[0,0],"11":[0,0]}}
,"/Users/clintgc/SpaceMonkeyII/shared/services/index.ts": {"path":"/Users/clintgc/SpaceMonkeyII/shared/services/index.ts","statementMap":{"0":{"start":{"line":2,"column":0},"end":{"line":2,"column":9}},"1":{"start":{"line":2,"column":9},"end":{"line":2,"column":47}},"2":{"start":{"line":3,"column":0},"end":{"line":3,"column":9}},"3":{"start":{"line":3,"column":9},"end":{"line":3,"column":47}},"4":{"start":{"line":4,"column":0},"end":{"line":4,"column":9}},"5":{"start":{"line":4,"column":9},"end":{"line":4,"column":53}},"6":{"start":{"line":5,"column":0},"end":{"line":5,"column":9}},"7":{"start":{"line":5,"column":9},"end":{"line":5,"column":41}}},"fnMap":{"0":{"name":"(anonymous_0)","decl":{"start":{"line":2,"column":9},"end":{"line":2,"column":21}},"loc":{"start":{"line":2,"column":9},"end":{"line":2,"column":47}}},"1":{"name":"(anonymous_1)","decl":{"start":{"line":3,"column":9},"end":{"line":3,"column":21}},"loc":{"start":{"line":3,"column":9},"end":{"line":3,"column":47}}},"2":{"name":"(anonymous_2)","decl":{"start":{"line":4,"column":9},"end":{"line":4,"column":24}},"loc":{"start":{"line":4,"column":9},"end":{"line":4,"column":53}}},"3":{"name":"(anonymous_3)","decl":{"start":{"line":5,"column":9},"end":{"line":5,"column":18}},"loc":{"start":{"line":5,"column":9},"end":{"line":5,"column":41}}}},"branchMap":{},"s":{"0":0,"1":0,"2":0,"3":0,"4":0,"5":0,"6":0,"7":0},"f":{"0":0,"1":0,"2":0,"3":0},"b":{}}
,"/Users/clintgc/SpaceMonkeyII/shared/services/twilio-client.ts": {"path":"/Users/clintgc/SpaceMonkeyII/shared/services/twilio-client.ts","statementMap":{"0":{"start":{"line":1,"column":0},"end":{"line":1,"column":28}},"1":{"start":{"line":26,"column":4},"end":{"line":26,"column":62}},"2":{"start":{"line":27,"column":4},"end":{"line":27,"column":42}},"3":{"start":{"line":35,"column":4},"end":{"line":57,"column":5}},"4":{"start":{"line":37,"column":6},"end":{"line":39,"column":7}},"5":{"start":{"line":38,"column":8},"end":{"line":38,"column":98}},"6":{"start":{"line":41,"column":22},"end":{"line":45,"column":8}},"7":{"start":{"line":47,"column":6},"end":{"line":51,"column":8}},"8":{"start":{"line":53,"column":6},"end":{"line":55,"column":7}},"9":{"start":{"line":54,"column":8},"end":{"line":54,"column":62}},"10":{"start":{"line":56,"column":6},"end":{"line":56,"column":18}},"11":{"start":{"line":66,"column":22},"end":{"line":66,"column":41}},"12":{"start":{"line":67,"column":4},"end":{"line":67,"column":39}},"13":{"start":{"line":76,"column":20},"end":{"line":76,"column":54}},"14":{"start":{"line":79,"column":4},"end":{"line":81,"column":5}},"15":{"start":{"line":80,"column":6},"end":{"line":80,"column":21}},"16":{"start":{"line":84,"column":4},"end":{"line":84,"column":45}},"17":{"start":{"line":21,"column":0},"end":{"line":21,"column":13}}},"fnMap":{"0":{"name":"(anonymous_1)","decl":{"start":{"line":25,"column":2},"end":{"line":25,"column":14}},"loc":{"start":{"line":25,"column":34},"end":{"line":28,"column":3}}},"1":{"name":"(anonymous_2)","decl":{"start":{"line":34,"column":2},"end":{"line":34,"column":7}},"loc":{"start":{"line":34,"column":39},"end":{"line":58,"column":3}}},"2":{"name":"(anonymous_3)","decl":{"start":{"line":64,"column":10},"end":{"line":64,"column":22}},"loc":{"start":{"line":64,"column":42},"end":{"line":68,"column":3}}},"3":{"name":"(anonymous_4)","decl":{"start":{"line":74,"column":2},"end":{"line":74,"column":14}},"loc":{"start":{"line":74,"column":69},"end":{"line":85,"column":3}}}},"branchMap":{"0":{"loc":{"start":{"line":37,"column":6},"end":{"line":39,"column":7}},"type":"if","locations":[{"start":{"line":37,"column":6},"end":{"line":39,"column":7}}]},"1":{"loc":{"start":{"line":53,"column":6},"end":{"line":55,"column":7}},"type":"if","locations":[{"start":{"line":53,"column":6},"end":{"line":55,"column":7}}]},"2":{"loc":{"start":{"line":74,"column":36},"end":{"line":74,"column":69}},"type":"default-arg","locations":[{"start":{"line":74,"column":65},"end":{"line":74,"column":69}}]},"3":{"loc":{"start":{"line":79,"column":4},"end":{"line":81,"column":5}},"type":"if","locations":[{"start":{"line":79,"column":4},"end":{"line":81,"column":5}}]}},"s":{"0":1,"1":0,"2":0,"3":0,"4":0,"5":0,"6":0,"7":0,"8":0,"9":0,"10":0,"11":0,"12":0,"13":0,"14":0,"15":0,"16":0,"17":1},"f":{"0":0,"1":0,"2":0,"3":0},"b":{"0":[0],"1":[0],"2":[0],"3":[0]}}
,"/Users/clintgc/SpaceMonkeyII/shared/utils/index.ts": {"path":"/Users/clintgc/SpaceMonkeyII/shared/utils/index.ts","statementMap":{"0":{"start":{"line":3,"column":0},"end":{"line":3,"column":16}},"1":{"start":{"line":7,"column":0},"end":{"line":7,"column":16}},"2":{"start":{"line":12,"column":0},"end":{"line":12,"column":16}},"3":{"start":{"line":16,"column":0},"end":{"line":16,"column":16}},"4":{"start":{"line":4,"column":2},"end":{"line":4,"column":73}},"5":{"start":{"line":8,"column":20},"end":{"line":8,"column":39}},"6":{"start":{"line":9,"column":2},"end":{"line":9,"column":31}},"7":{"start":{"line":13,"column":2},"end":{"line":13,"column":45}},"8":{"start":{"line":17,"column":2},"end":{"line":17,"column":42}},"9":{"start":{"line":21,"column":0},"end":{"line":21,"column":29}}},"fnMap":{"0":{"name":"generateScanId","decl":{"start":{"line":3,"column":16},"end":{"line":3,"column":30}},"loc":{"start":{"line":3,"column":30},"end":{"line":5,"column":1}}},"1":{"name":"validateE164Phone","decl":{"start":{"line":7,"column":16},"end":{"line":7,"column":33}},"loc":{"start":{"line":7,"column":47},"end":{"line":10,"column":1}}},"2":{"name":"getCurrentYear","decl":{"start":{"line":12,"column":16},"end":{"line":12,"column":30}},"loc":{"start":{"line":12,"column":30},"end":{"line":14,"column":1}}},"3":{"name":"calculateQuotaPercentage","decl":{"start":{"line":16,"column":16},"end":{"line":16,"column":40}},"loc":{"start":{"line":16,"column":68},"end":{"line":18,"column":1}}}},"branchMap":{},"s":{"0":0,"1":0,"2":0,"3":0,"4":0,"5":0,"6":0,"7":0,"8":0,"9":0},"f":{"0":0,"1":0,"2":0,"3":0},"b":{}}
,"/Users/clintgc/SpaceMonkeyII/shared/utils/validation.ts": {"path":"/Users/clintgc/SpaceMonkeyII/shared/utils/validation.ts","statementMap":{"0":{"start":{"line":63,"column":0},"end":{"line":63,"column":16}},"1":{"start":{"line":71,"column":0},"end":{"line":71,"column":16}},"2":{"start":{"line":85,"column":0},"end":{"line":85,"column":16}},"3":{"start":{"line":1,"column":0},"end":{"line":1,"column":24}},"4":{"start":{"line":9,"column":13},"end":{"line":12,"column":3}},"5":{"start":{"line":15,"column":13},"end":{"line":31,"column":3}},"6":{"start":{"line":19,"column":6},"end":{"line":21,"column":30}},"7":{"start":{"line":34,"column":13},"end":{"line":38,"column":3}},"8":{"start":{"line":41,"column":13},"end":{"line":45,"column":3}},"9":{"start":{"line":48,"column":13},"end":{"line":52,"column":3}},"10":{"start":{"line":55,"column":13},"end":{"line":57,"column":3}},"11":{"start":{"line":64,"column":2},"end":{"line":64,"column":28}},"12":{"start":{"line":75,"column":17},"end":{"line":75,"column":39}},"13":{"start":{"line":76,"column":2},"end":{"line":78,"column":3}},"14":{"start":{"line":77,"column":4},"end":{"line":77,"column":48}},"15":{"start":{"line":79,"column":2},"end":{"line":79,"column":49}},"16":{"start":{"line":90,"column":2},"end":{"line":97,"column":4}},"17":{"start":{"line":93,"column":40},"end":{"line":96,"column":6}}},"fnMap":{"0":{"name":"(anonymous_0)","decl":{"start":{"line":17,"column":4},"end":{"line":17,"column":5}},"loc":{"start":{"line":17,"column":12},"end":{"line":22,"column":5}}},"1":{"name":"validateRequest","decl":{"start":{"line":63,"column":16},"end":{"line":63,"column":31}},"loc":{"start":{"line":63,"column":72},"end":{"line":65,"column":1}}},"2":{"name":"safeValidateRequest","decl":{"start":{"line":71,"column":16},"end":{"line":71,"column":35}},"loc":{"start":{"line":73,"column":15},"end":{"line":80,"column":1}}},"3":{"name":"formatValidationError","decl":{"start":{"line":85,"column":16},"end":{"line":85,"column":37}},"loc":{"start":{"line":85,"column":55},"end":{"line":98,"column":1}}},"4":{"name":"(anonymous_4)","decl":{"start":{"line":93,"column":30},"end":{"line":93,"column":31}},"loc":{"start":{"line":93,"column":40},"end":{"line":96,"column":6}}}},"branchMap":{"0":{"loc":{"start":{"line":19,"column":13},"end":{"line":21,"column":29}},"type":"binary-expr","locations":[{"start":{"line":19,"column":13},"end":{"line":19,"column":38}},{"start":{"line":20,"column":13},"end":{"line":20,"column":39}},{"start":{"line":21,"column":13},"end":{"line":21,"column":29}}]},"1":{"loc":{"start":{"line":76,"column":2},"end":{"line":78,"column":3}},"type":"if","locations":[{"start":{"line":76,"column":2},"end":{"line":78,"column":3}}]}},"s":{"0":1,"1":1,"2":1,"3":1,"4":1,"5":1,"6":3,"7":1,"8":1,"9":1,"10":1,"11":0,"12":3,"13":3,"14":0,"15":3,"16":3,"17":6},"f":{"0":3,"1":0,"2":3,"3":3,"4":6},"b":{"0":[3,3,3],"1":[0]}}
}
