TN:
SF:functions/alert-handler/index.ts
FN:24,ensureFcmClientInitialized
FN:36,(anonymous_1)
FN:88,(anonymous_2)
FN:215,sendFcmNotification
FN:230,(anonymous_4)
FN:273,(anonymous_5)
FNF:6
FNH:5
FNDA:5,ensureFcmClientInitialized
FNDA:1,(anonymous_1)
FNDA:5,(anonymous_2)
FNDA:5,sendFcmNotification
FNDA:8,(anonymous_4)
FNDA:0,(anonymous_5)
DA:2,1
DA:3,1
DA:4,1
DA:6,1
DA:7,1
DA:8,1
DA:9,1
DA:11,1
DA:12,1
DA:13,1
DA:16,1
DA:17,1
DA:26,5
DA:27,4
DA:31,1
DA:32,0
DA:36,1
DA:37,1
DA:40,1
DA:41,0
DA:42,0
DA:46,0
DA:47,0
DA:49,0
DA:50,0
DA:51,0
DA:55,1
DA:56,0
DA:57,0
DA:58,0
DA:61,1
DA:64,1
DA:66,1
DA:67,1
DA:72,1
DA:74,0
DA:77,0
DA:78,0
DA:79,0
DA:81,1
DA:85,1
DA:88,1
DA:89,5
DA:91,5
DA:92,5
DA:93,5
DA:94,5
DA:97,5
DA:104,5
DA:107,5
DA:110,5
DA:113,1
DA:114,1
DA:115,1
DA:118,1
DA:119,0
DA:120,0
DA:126,0
DA:128,0
DA:131,1
DA:132,0
DA:133,0
DA:139,0
DA:141,0
DA:144,1
DA:145,0
DA:146,0
DA:152,0
DA:154,0
DA:158,1
DA:159,0
DA:160,0
DA:168,0
DA:170,0
DA:171,0
DA:172,0
DA:176,0
DA:179,0
DA:185,1
DA:188,1
DA:189,1
DA:190,1
DA:196,4
DA:198,4
DA:199,4
DA:202,5
DA:204,0
DA:205,0
DA:220,5
DA:222,5
DA:223,0
DA:224,0
DA:227,5
DA:229,5
DA:230,8
DA:232,5
DA:233,1
DA:237,1
DA:240,4
DA:243,4
DA:247,4
DA:252,4
DA:266,4
DA:272,4
DA:273,0
DA:274,0
DA:275,0
DA:281,0
LF:108
LH:65
BRDA:12,0,0,1
BRDA:12,0,1,0
BRDA:26,1,0,4
BRDA:31,2,0,0
BRDA:40,3,0,0
BRDA:40,4,0,1
BRDA:40,4,1,1
BRDA:55,5,0,0
BRDA:66,6,0,1
BRDA:66,6,1,0
BRDA:66,7,0,1
BRDA:66,7,1,1
BRDA:66,7,2,1
BRDA:104,8,0,5
BRDA:104,8,1,0
BRDA:110,9,0,1
BRDA:110,9,1,4
BRDA:118,10,0,0
BRDA:131,11,0,0
BRDA:144,12,0,0
BRDA:158,13,0,0
BRDA:158,14,0,1
BRDA:158,14,1,0
BRDA:158,14,2,0
BRDA:168,15,0,0
BRDA:168,15,1,0
BRDA:170,16,0,0
BRDA:188,17,0,1
BRDA:188,18,0,1
BRDA:188,18,1,1
BRDA:196,19,0,4
BRDA:196,20,0,4
BRDA:196,20,1,4
BRDA:222,21,0,0
BRDA:232,22,0,1
BRDA:243,23,0,1
BRDA:243,23,1,3
BRDA:247,24,0,1
BRDA:247,24,1,3
BRDA:272,25,0,0
BRDA:272,26,0,4
BRDA:272,26,1,0
BRDA:274,27,0,0
BRF:43
BRH:24
end_of_record
TN:
SF:functions/consent-handler/index.ts
FN:7,(anonymous_9)
FN:60,(anonymous_10)
FNF:2
FNH:0
FNDA:0,(anonymous_9)
FNDA:0,(anonymous_10)
DA:2,0
DA:3,0
DA:5,0
DA:7,0
DA:10,0
DA:12,0
DA:13,0
DA:14,0
DA:24,0
DA:25,0
DA:27,0
DA:28,0
DA:40,0
DA:42,0
DA:43,0
DA:54,0
DA:58,0
DA:59,0
DA:60,0
DA:61,0
DA:62,0
DA:73,0
DA:78,0
DA:91,0
DA:92,0
LF:25
LH:0
BRDA:5,0,0,0
BRDA:5,0,1,0
BRDA:13,1,0,0
BRDA:27,2,0,0
BRDA:40,3,0,0
BRDA:40,3,1,0
BRDA:42,4,0,0
BRDA:58,5,0,0
BRDA:100,6,0,0
BRDA:100,6,1,0
BRF:10
BRH:0
end_of_record
TN:
SF:functions/email-aggregator/index.ts
FN:36,generateBiometricHash
FN:44,(anonymous_11)
FN:69,createDedupKey
FN:75,(anonymous_13)
FN:106,(anonymous_14)
FN:252,(anonymous_15)
FN:258,(anonymous_16)
FN:272,(anonymous_17)
FN:292,generateEmailHtml
FN:303,(anonymous_19)
FNF:10
FNH:1
FNDA:0,generateBiometricHash
FNDA:0,(anonymous_11)
FNDA:0,createDedupKey
FNDA:6,(anonymous_13)
FNDA:0,(anonymous_14)
FNDA:0,(anonymous_15)
FNDA:0,(anonymous_16)
FNDA:0,(anonymous_17)
FNDA:0,generateEmailHtml
FNDA:0,(anonymous_19)
DA:2,1
DA:3,1
DA:4,1
DA:5,1
DA:6,1
DA:7,1
DA:8,1
DA:10,1
DA:11,1
DA:13,1
DA:14,0
DA:37,0
DA:38,0
DA:43,0
DA:46,0
DA:55,0
DA:61,0
DA:62,0
DA:63,0
DA:70,0
DA:71,0
DA:72,0
DA:75,1
DA:76,6
DA:78,6
DA:80,6
DA:81,6
DA:85,6
DA:86,6
DA:87,6
DA:89,6
DA:90,6
DA:106,0
DA:107,0
DA:108,0
DA:112,0
DA:116,0
DA:118,0
DA:119,0
DA:120,0
DA:123,0
DA:126,0
DA:128,0
DA:130,0
DA:145,0
DA:146,0
DA:149,0
DA:151,0
DA:153,0
DA:154,0
DA:156,0
DA:157,0
DA:160,0
DA:161,0
DA:174,0
DA:180,0
DA:182,0
DA:186,0
DA:187,0
DA:189,0
DA:192,0
DA:194,0
DA:195,0
DA:196,0
DA:200,0
DA:201,0
DA:202,0
DA:203,0
DA:207,0
DA:208,0
DA:209,0
DA:213,0
DA:214,0
DA:215,0
DA:216,0
DA:223,0
DA:226,0
DA:227,0
DA:228,0
DA:230,0
DA:231,0
DA:232,0
DA:239,0
DA:240,0
DA:242,0
DA:243,0
DA:244,0
DA:247,0
DA:249,0
DA:250,0
DA:251,0
DA:252,0
DA:253,0
DA:255,0
DA:257,0
DA:258,0
DA:259,0
DA:260,0
DA:265,0
DA:267,0
DA:269,0
DA:270,0
DA:271,0
DA:272,0
DA:273,0
DA:278,0
DA:279,0
DA:287,6
DA:288,6
DA:297,0
DA:298,0
DA:299,0
DA:301,0
DA:303,0
DA:314,0
LF:115
LH:22
BRDA:11,0,0,1
BRDA:11,0,1,0
BRDA:13,1,0,0
BRDA:37,2,0,0
BRDA:37,3,0,0
BRDA:37,3,1,0
BRDA:47,4,0,0
BRDA:47,4,1,0
BRDA:48,5,0,0
BRDA:48,5,1,0
BRDA:49,6,0,0
BRDA:49,6,1,0
BRDA:50,7,0,0
BRDA:50,7,1,0
BRDA:51,8,0,0
BRDA:51,8,1,0
BRDA:52,9,0,0
BRDA:52,9,1,0
BRDA:53,10,0,0
BRDA:53,10,1,0
BRDA:70,11,0,0
BRDA:70,11,1,0
BRDA:70,11,2,0
BRDA:106,12,0,0
BRDA:106,12,1,0
BRDA:107,13,0,0
BRDA:118,14,0,0
BRDA:145,15,0,0
BRDA:151,16,0,0
BRDA:151,16,1,0
BRDA:154,17,0,0
BRDA:154,17,1,0
BRDA:156,18,0,0
BRDA:156,18,1,0
BRDA:160,19,0,0
BRDA:160,20,0,0
BRDA:160,20,1,0
BRDA:166,21,0,0
BRDA:166,21,1,0
BRDA:167,22,0,0
BRDA:167,22,1,0
BRDA:176,23,0,0
BRDA:176,23,1,0
BRDA:178,24,0,0
BRDA:178,24,1,0
BRDA:182,25,0,0
BRDA:182,25,1,0
BRDA:187,26,0,0
BRDA:194,27,0,0
BRDA:194,28,0,0
BRDA:194,28,1,0
BRDA:201,29,0,0
BRDA:207,30,0,0
BRDA:214,31,0,0
BRDA:230,32,0,0
BRDA:230,32,1,0
BRDA:234,33,0,0
BRDA:234,33,1,0
BRDA:235,34,0,0
BRDA:235,34,1,0
BRDA:243,35,0,0
BRDA:243,35,1,0
BRDA:244,36,0,0
BRDA:244,36,1,0
BRDA:244,36,2,0
BRDA:247,37,0,0
BRDA:247,37,1,0
BRDA:250,38,0,0
BRDA:255,39,0,0
BRDA:255,39,1,0
BRDA:257,40,0,0
BRDA:257,40,1,0
BRDA:258,41,0,0
BRDA:258,42,0,0
BRDA:258,42,1,0
BRDA:267,43,0,0
BRDA:267,44,0,0
BRDA:267,44,1,0
BRDA:269,45,0,0
BRDA:278,46,0,0
BRDA:278,47,0,0
BRDA:278,47,1,0
BRDA:278,47,2,0
BRDA:278,47,3,0
BRDA:297,48,0,0
BRDA:297,48,1,0
BRDA:298,49,0,0
BRDA:298,49,1,0
BRDA:305,50,0,0
BRDA:305,50,1,0
BRDA:383,51,0,0
BRDA:383,51,1,0
BRF:92
BRH:1
end_of_record
TN:
SF:functions/gdpr-deletion-handler/index.ts
FN:12,(anonymous_0)
FNF:1
FNH:0
FNDA:0,(anonymous_0)
DA:2,0
DA:3,0
DA:4,0
DA:6,0
DA:12,0
DA:15,0
DA:18,0
DA:27,0
DA:28,0
DA:30,0
DA:31,0
DA:42,0
DA:43,0
DA:49,0
DA:51,0
DA:55,0
DA:56,0
DA:66,0
DA:67,0
DA:68,0
DA:74,0
DA:76,0
DA:80,0
DA:84,0
DA:85,0
DA:95,0
DA:96,0
DA:97,0
DA:103,0
DA:105,0
DA:109,0
DA:113,0
DA:114,0
DA:125,0
DA:126,0
DA:127,0
DA:133,0
DA:135,0
DA:139,0
DA:143,0
DA:144,0
DA:155,0
DA:156,0
DA:157,0
DA:163,0
DA:165,0
DA:169,0
DA:172,0
DA:175,0
DA:177,0
DA:191,0
DA:192,0
LF:52
LH:0
BRDA:28,0,0,0
BRDA:28,0,1,0
BRDA:30,1,0,0
BRDA:51,2,0,0
BRDA:51,2,1,0
BRDA:66,3,0,0
BRDA:66,3,1,0
BRDA:76,4,0,0
BRDA:76,4,1,0
BRDA:80,5,0,0
BRDA:80,5,1,0
BRDA:95,6,0,0
BRDA:95,6,1,0
BRDA:105,7,0,0
BRDA:105,7,1,0
BRDA:109,8,0,0
BRDA:109,8,1,0
BRDA:125,9,0,0
BRDA:125,9,1,0
BRDA:135,10,0,0
BRDA:135,10,1,0
BRDA:139,11,0,0
BRDA:139,11,1,0
BRDA:155,12,0,0
BRDA:155,12,1,0
BRDA:165,13,0,0
BRDA:165,13,1,0
BRDA:169,14,0,0
BRDA:169,14,1,0
BRDA:175,15,0,0
BRDA:175,15,1,0
BRDA:184,16,0,0
BRDA:184,16,1,0
BRDA:200,17,0,0
BRDA:200,17,1,0
BRF:35
BRH:0
end_of_record
TN:
SF:functions/poll-handler/index.ts
FN:20,(anonymous_0)
FNF:1
FNH:0
FNDA:0,(anonymous_0)
DA:2,0
DA:3,0
DA:4,0
DA:5,0
DA:6,0
DA:7,0
DA:9,0
DA:10,0
DA:11,0
DA:20,0
DA:21,0
DA:23,0
DA:25,0
DA:26,0
DA:32,0
DA:35,0
DA:36,0
DA:38,0
DA:56,0
DA:57,0
DA:69,0
DA:71,0
DA:77,0
DA:79,0
DA:85,0
DA:88,0
DA:92,0
DA:93,0
DA:95,0
DA:102,0
DA:103,0
DA:112,0
DA:113,0
DA:122,0
DA:123,0
LF:35
LH:0
BRDA:11,0,0,0
BRDA:11,0,1,0
BRDA:27,1,0,0
BRDA:27,1,1,0
BRDA:35,2,0,0
BRDA:35,2,1,0
BRDA:36,3,0,0
BRDA:36,3,1,0
BRDA:36,4,0,0
BRDA:36,4,1,0
BRDA:36,5,0,0
BRDA:36,5,1,0
BRDA:49,6,0,0
BRDA:49,6,1,0
BRDA:56,7,0,0
BRDA:65,8,0,0
BRDA:65,8,1,0
BRDA:69,9,0,0
BRDA:69,9,1,0
BRDA:77,10,0,0
BRDA:77,10,1,0
BRDA:85,11,0,0
BRDA:92,12,0,0
BRDA:92,13,0,0
BRDA:92,13,1,0
BRDA:102,14,0,0
BRDA:112,15,0,0
BRF:27
BRH:0
end_of_record
TN:
SF:functions/scan-detail-handler/index.ts
FN:8,(anonymous_0)
FNF:1
FNH:0
FNDA:0,(anonymous_0)
DA:2,0
DA:3,0
DA:4,0
DA:6,0
DA:8,0
DA:11,0
DA:13,0
DA:14,0
DA:16,0
DA:17,0
DA:28,0
DA:31,0
DA:32,0
DA:42,0
DA:49,0
DA:50,0
DA:61,0
DA:62,0
DA:75,0
DA:84,0
DA:85,0
LF:21
LH:0
BRDA:16,0,0,0
BRDA:28,1,0,0
BRDA:28,1,1,0
BRDA:31,2,0,0
BRDA:49,3,0,0
BRDA:61,4,0,0
BRDA:93,5,0,0
BRDA:93,5,1,0
BRF:8
BRH:0
end_of_record
TN:
SF:functions/scan-handler/index.ts
FN:44,log
FN:58,logError
FN:84,withTimeout
FN:91,(anonymous_4)
FN:92,(anonymous_5)
FN:100,handleCaptisError
FN:150,(anonymous_7)
FN:391,(anonymous_8)
FNF:8
FNH:2
FNDA:6,log
FNDA:0,logError
FNDA:0,withTimeout
FNDA:0,(anonymous_4)
FNDA:0,(anonymous_5)
FNDA:0,handleCaptisError
FNDA:3,(anonymous_7)
FNDA:0,(anonymous_8)
DA:2,1
DA:3,1
DA:4,1
DA:6,1
DA:7,1
DA:8,1
DA:9,1
DA:10,1
DA:11,1
DA:12,1
DA:13,1
DA:14,1
DA:16,1
DA:17,1
DA:18,1
DA:19,1
DA:20,1
DA:23,1
DA:26,1
DA:27,1
DA:28,1
DA:29,1
DA:30,1
DA:31,1
DA:34,1
DA:45,6
DA:52,6
DA:59,0
DA:66,0
DA:67,0
DA:73,0
DA:78,0
DA:89,0
DA:92,0
DA:101,0
DA:102,0
DA:103,0
DA:106,0
DA:107,0
DA:114,0
DA:115,0
DA:122,0
DA:123,0
DA:130,0
DA:137,0
DA:138,0
DA:144,0
DA:150,1
DA:153,3
DA:154,3
DA:156,3
DA:158,3
DA:159,0
DA:160,0
DA:171,3
DA:172,3
DA:174,0
DA:175,0
DA:186,3
DA:187,3
DA:188,3
DA:192,3
DA:199,0
DA:200,0
DA:202,0
DA:205,0
DA:206,0
DA:208,0
DA:209,0
DA:212,0
DA:214,0
DA:215,0
DA:222,0
DA:225,0
DA:226,0
DA:245,0
DA:249,0
DA:250,0
DA:251,0
DA:262,0
DA:264,0
DA:265,0
DA:266,0
DA:277,0
DA:278,0
DA:283,0
DA:285,0
DA:287,0
DA:288,0
DA:289,0
DA:295,0
DA:297,0
DA:300,0
DA:303,0
DA:304,0
DA:305,0
DA:316,0
DA:322,0
DA:323,0
DA:327,0
DA:329,0
DA:330,0
DA:332,0
DA:333,0
DA:334,0
DA:340,0
DA:349,0
DA:350,0
DA:355,0
DA:357,0
DA:358,0
DA:360,0
DA:361,0
DA:369,0
DA:378,0
DA:393,0
DA:394,0
DA:401,0
DA:405,0
DA:412,0
DA:414,0
DA:415,0
DA:417,0
DA:420,0
DA:421,0
DA:441,0
DA:442,0
DA:454,0
DA:457,0
DA:458,0
DA:463,0
DA:472,0
DA:476,0
DA:478,0
DA:491,0
DA:492,0
DA:508,0
DA:514,0
DA:524,0
DA:531,0
DA:538,0
DA:545,0
DA:546,0
DA:547,0
DA:551,0
DA:554,0
DA:555,0
DA:563,0
DA:564,0
DA:565,0
DA:576,0
LF:151
LH:38
BRDA:20,0,0,1
BRDA:20,0,1,0
BRDA:66,1,0,0
BRDA:66,1,1,0
BRDA:101,2,0,0
BRDA:106,3,0,0
BRDA:106,4,0,0
BRDA:106,4,1,0
BRDA:114,5,0,0
BRDA:122,6,0,0
BRDA:122,7,0,0
BRDA:122,7,1,0
BRDA:132,8,0,0
BRDA:132,8,1,0
BRDA:137,9,0,0
BRDA:153,10,0,3
BRDA:153,10,1,3
BRDA:158,11,0,0
BRDA:187,12,0,3
BRDA:205,13,0,0
BRDA:205,13,1,0
BRDA:208,14,0,0
BRDA:208,14,1,0
BRDA:212,15,0,0
BRDA:212,16,0,0
BRDA:212,16,1,0
BRDA:212,16,2,0
BRDA:249,17,0,0
BRDA:264,18,0,0
BRDA:277,19,0,0
BRDA:285,20,0,0
BRDA:287,21,0,0
BRDA:295,22,0,0
BRDA:295,22,1,0
BRDA:300,23,0,0
BRDA:300,23,1,0
BRDA:303,24,0,0
BRDA:317,25,0,0
BRDA:317,25,1,0
BRDA:330,26,0,0
BRDA:330,26,1,0
BRDA:330,27,0,0
BRDA:330,27,1,0
BRDA:333,28,0,0
BRDA:355,29,0,0
BRDA:355,29,1,0
BRDA:373,30,0,0
BRDA:373,30,1,0
BRDA:412,31,0,0
BRDA:427,32,0,0
BRDA:427,32,1,0
BRDA:432,33,0,0
BRDA:432,33,1,0
BRDA:457,34,0,0
BRDA:476,35,0,0
BRDA:526,36,0,0
BRDA:526,36,1,0
BRDA:545,37,0,0
BRDA:545,38,0,0
BRDA:545,38,1,0
BRDA:554,39,0,0
BRDA:563,40,0,0
BRDA:581,41,0,0
BRDA:581,41,1,0
BRF:64
BRH:4
end_of_record
TN:
SF:functions/scan-list-handler/index.ts
FN:8,(anonymous_0)
FNF:1
FNH:0
FNDA:0,(anonymous_0)
DA:2,0
DA:3,0
DA:4,0
DA:6,0
DA:8,0
DA:11,0
DA:13,0
DA:15,0
DA:18,0
DA:19,0
DA:30,0
DA:33,0
DA:34,0
DA:47,0
DA:48,0
DA:51,0
DA:54,0
DA:55,0
DA:56,0
DA:57,0
DA:59,0
DA:70,0
DA:84,0
DA:98,0
DA:99,0
LF:25
LH:0
BRDA:15,0,0,0
BRDA:15,0,1,0
BRDA:18,1,0,0
BRDA:33,2,0,0
BRDA:33,3,0,0
BRDA:33,3,1,0
BRDA:47,4,0,0
BRDA:47,4,1,0
BRDA:55,5,0,0
BRDA:80,6,0,0
BRDA:80,6,1,0
BRDA:91,7,0,0
BRDA:91,7,1,0
BRDA:92,8,0,0
BRDA:92,8,1,0
BRDA:107,9,0,0
BRDA:107,9,1,0
BRF:17
BRH:0
end_of_record
TN:
SF:functions/webhook-dispatcher/index.ts
FN:9,(anonymous_1)
FN:19,(anonymous_2)
FN:32,(anonymous_3)
FN:64,(anonymous_4)
FN:67,(anonymous_5)
FN:81,(anonymous_6)
FN:82,(anonymous_7)
FNF:7
FNH:0
FNDA:0,(anonymous_1)
FNDA:0,(anonymous_2)
FNDA:0,(anonymous_3)
FNDA:0,(anonymous_4)
FNDA:0,(anonymous_5)
FNDA:0,(anonymous_6)
FNDA:0,(anonymous_7)
DA:2,0
DA:3,0
DA:5,0
DA:7,0
DA:9,0
DA:10,0
DA:12,0
DA:13,0
DA:14,0
DA:15,0
DA:18,0
DA:19,0
DA:21,0
DA:22,0
DA:23,0
DA:28,0
DA:29,0
DA:32,0
DA:33,0
DA:34,0
DA:52,0
DA:53,0
DA:55,0
DA:56,0
DA:61,0
DA:62,0
DA:63,0
DA:64,0
DA:67,0
DA:68,0
DA:69,0
DA:71,0
DA:81,0
DA:82,0
DA:83,0
DA:85,0
DA:86,0
LF:37
LH:0
BRDA:7,0,0,0
BRDA:7,0,1,0
BRDA:21,1,0,0
BRDA:68,2,0,0
BRDA:68,2,1,0
BRF:5
BRH:0
end_of_record
TN:
SF:functions/webhook-registration-handler/index.ts
FN:11,validateWebhookUrl
FN:81,(anonymous_1)
FN:160,(anonymous_2)
FNF:3
FNH:0
FNDA:0,validateWebhookUrl
FNDA:0,(anonymous_1)
FNDA:0,(anonymous_2)
DA:2,0
DA:3,0
DA:4,0
DA:6,0
DA:12,0
DA:13,0
DA:16,0
DA:17,0
DA:21,0
DA:22,0
DA:31,0
DA:35,0
DA:40,0
DA:42,0
DA:43,0
DA:44,0
DA:47,0
DA:48,0
DA:55,0
DA:62,0
DA:63,0
DA:67,0
DA:72,0
DA:75,0
DA:77,0
DA:81,0
DA:84,0
DA:86,0
DA:87,0
DA:88,0
DA:99,0
DA:100,0
DA:102,0
DA:112,0
DA:114,0
DA:115,0
DA:126,0
DA:127,0
DA:128,0
DA:140,0
DA:144,0
DA:145,0
DA:158,0
DA:159,0
DA:160,0
DA:163,0
DA:164,0
DA:178,0
DA:181,0
DA:183,0
DA:185,0
DA:200,0
DA:201,0
LF:53
LH:0
BRDA:6,0,0,0
BRDA:6,0,1,0
BRDA:16,1,0,0
BRDA:21,2,0,0
BRDA:21,3,0,0
BRDA:21,3,1,0
BRDA:31,4,0,0
BRDA:31,5,0,0
BRDA:31,5,1,0
BRDA:31,5,2,0
BRDA:31,5,3,0
BRDA:40,6,0,0
BRDA:43,7,0,0
BRDA:47,8,0,0
BRDA:47,9,0,0
BRDA:47,9,1,0
BRDA:47,9,2,0
BRDA:62,10,0,0
BRDA:67,11,0,0
BRDA:67,12,0,0
BRDA:67,12,1,0
BRDA:67,12,2,0
BRDA:67,12,3,0
BRDA:67,12,4,0
BRDA:87,13,0,0
BRDA:114,14,0,0
BRDA:114,15,0,0
BRDA:114,15,1,0
BRDA:127,16,0,0
BRDA:140,17,0,0
BRDA:140,17,1,0
BRDA:140,17,2,0
BRDA:144,18,0,0
BRDA:144,19,0,0
BRDA:144,19,1,0
BRDA:160,20,0,0
BRDA:160,20,1,0
BRDA:163,21,0,0
BRDA:209,22,0,0
BRDA:209,22,1,0
BRF:40
BRH:0
end_of_record
TN:
SF:infrastructure/bin/app.ts
FNF:0
FNH:0
DA:2,0
DA:3,0
DA:4,0
DA:6,0
DA:8,0
LF:5
LH:0
BRDA:11,0,0,0
BRDA:11,0,1,0
BRF:2
BRH:0
end_of_record
TN:
SF:shared/services/captis-client.ts
FN:33,(anonymous_1)
FN:50,(anonymous_2)
FN:58,(anonymous_3)
FN:67,(anonymous_4)
FN:168,(anonymous_5)
FN:211,(anonymous_6)
FN:254,(anonymous_7)
FN:255,(anonymous_8)
FNF:8
FNH:0
FNDA:0,(anonymous_1)
FNDA:0,(anonymous_2)
FNDA:0,(anonymous_3)
FNDA:0,(anonymous_4)
FNDA:0,(anonymous_5)
FNDA:0,(anonymous_6)
FNDA:0,(anonymous_7)
FNDA:0,(anonymous_8)
DA:1,1
DA:2,1
DA:25,1
DA:30,0
DA:31,0
DA:34,0
DA:35,0
DA:36,0
DA:38,0
DA:47,0
DA:52,0
DA:59,0
DA:80,0
DA:82,0
DA:91,0
DA:92,0
DA:93,0
DA:94,0
DA:95,0
DA:97,0
DA:102,0
DA:104,0
DA:105,0
DA:106,0
DA:107,0
DA:109,0
DA:110,0
DA:113,0
DA:114,0
DA:117,0
DA:128,0
DA:130,0
DA:131,0
DA:134,0
DA:135,0
DA:136,0
DA:138,0
DA:139,0
DA:141,0
DA:142,0
DA:143,0
DA:144,0
DA:149,0
DA:150,0
DA:154,0
DA:155,0
DA:161,0
DA:169,0
DA:170,0
DA:174,0
DA:178,0
DA:180,0
DA:181,0
DA:184,0
DA:185,0
DA:186,0
DA:188,0
DA:189,0
DA:190,0
DA:191,0
DA:192,0
DA:193,0
DA:197,0
DA:198,0
DA:204,0
DA:216,0
DA:217,0
DA:218,0
DA:220,0
DA:221,0
DA:222,0
DA:225,0
DA:227,0
DA:229,0
DA:230,0
DA:234,0
DA:236,0
DA:239,0
DA:240,0
DA:241,0
DA:242,0
DA:246,0
DA:251,0
DA:255,0
LF:84
LH:3
BRDA:34,0,0,0
BRDA:34,0,1,0
BRDA:36,1,0,0
BRDA:36,1,1,0
BRDA:53,2,0,0
BRDA:53,2,1,0
BRDA:53,2,2,0
BRDA:53,2,3,0
BRDA:70,3,0,0
BRDA:74,4,0,0
BRDA:76,5,0,0
BRDA:78,6,0,0
BRDA:79,7,0,0
BRDA:91,8,0,0
BRDA:92,9,0,0
BRDA:93,10,0,0
BRDA:94,11,0,0
BRDA:95,12,0,0
BRDA:102,13,0,0
BRDA:102,13,1,0
BRDA:102,14,0,0
BRDA:102,14,1,0
BRDA:102,14,2,0
BRDA:106,15,0,0
BRDA:106,15,1,0
BRDA:107,16,0,0
BRDA:107,16,1,0
BRDA:130,17,0,0
BRDA:134,18,0,0
BRDA:135,19,0,0
BRDA:139,20,0,0
BRDA:149,21,0,0
BRDA:154,22,0,0
BRDA:180,23,0,0
BRDA:184,24,0,0
BRDA:185,25,0,0
BRDA:189,26,0,0
BRDA:197,27,0,0
BRDA:213,28,0,0
BRDA:214,29,0,0
BRDA:225,30,0,0
BRDA:225,31,0,0
BRDA:225,31,1,0
BRDA:236,32,0,0
BRDA:236,32,1,0
BRDA:239,33,0,0
BRDA:251,34,0,0
BRDA:251,34,1,0
BRF:48
BRH:0
end_of_record
TN:
SF:shared/services/dynamodb-service.ts
FN:31,(anonymous_0)
FN:38,(anonymous_1)
FN:48,(anonymous_2)
FN:68,(anonymous_3)
FN:83,(anonymous_4)
FN:93,(anonymous_5)
FN:107,(anonymous_6)
FN:139,(anonymous_7)
FN:154,(anonymous_8)
FN:173,(anonymous_9)
FN:186,(anonymous_10)
FN:204,(anonymous_11)
FN:217,(anonymous_12)
FN:239,(anonymous_13)
FN:252,(anonymous_14)
FN:262,(anonymous_15)
FN:272,(anonymous_16)
FNF:17
FNH:0
FNDA:0,(anonymous_0)
FNDA:0,(anonymous_1)
FNDA:0,(anonymous_2)
FNDA:0,(anonymous_3)
FNDA:0,(anonymous_4)
FNDA:0,(anonymous_5)
FNDA:0,(anonymous_6)
FNDA:0,(anonymous_7)
FNDA:0,(anonymous_8)
FNDA:0,(anonymous_9)
FNDA:0,(anonymous_10)
FNDA:0,(anonymous_11)
FNDA:0,(anonymous_12)
FNDA:0,(anonymous_13)
FNDA:0,(anonymous_14)
FNDA:0,(anonymous_15)
FNDA:0,(anonymous_16)
DA:1,3
DA:9,3
DA:27,3
DA:32,0
DA:33,0
DA:34,0
DA:39,0
DA:45,0
DA:54,0
DA:69,0
DA:84,0
DA:90,0
DA:94,0
DA:112,0
DA:115,0
DA:122,0
DA:123,0
DA:125,0
DA:140,0
DA:150,0
DA:159,0
DA:174,0
DA:183,0
DA:191,0
DA:205,0
DA:214,0
DA:223,0
DA:224,0
DA:240,0
DA:253,0
DA:263,0
DA:269,0
DA:273,0
DA:274,0
LF:34
LH:3
BRDA:31,0,0,0
BRDA:58,1,0,0
BRDA:58,1,1,0
BRDA:62,2,0,0
BRDA:62,2,1,0
BRDA:122,3,0,0
BRDA:122,3,1,0
BRDA:150,4,0,0
BRDA:150,4,1,0
BRDA:183,5,0,0
BRDA:183,5,1,0
BRDA:214,6,0,0
BRDA:214,6,1,0
BRDA:280,7,0,0
BRDA:280,7,1,0
BRF:15
BRH:0
end_of_record
TN:
SF:shared/services/fcm-client.ts
FN:19,(anonymous_9)
FN:37,(anonymous_10)
FN:73,(anonymous_11)
FN:105,(anonymous_12)
FNF:4
FNH:0
FNDA:0,(anonymous_9)
FNDA:0,(anonymous_10)
FNDA:0,(anonymous_11)
FNDA:0,(anonymous_12)
DA:1,1
DA:16,1
DA:20,0
DA:21,0
DA:29,0
DA:41,0
DA:42,0
DA:45,0
DA:66,0
DA:77,0
DA:98,0
DA:109,0
LF:12
LH:2
BRDA:20,0,0,0
BRDA:20,0,1,0
BRDA:41,1,0,0
BRDA:47,2,0,0
BRDA:47,2,1,0
BRDA:49,3,0,0
BRDA:49,3,1,0
BRDA:50,4,0,0
BRDA:50,4,1,0
BRDA:53,5,0,0
BRDA:53,5,1,0
BRDA:56,6,0,0
BRDA:56,6,1,0
BRDA:79,7,0,0
BRDA:79,7,1,0
BRDA:81,8,0,0
BRDA:81,8,1,0
BRDA:82,9,0,0
BRDA:82,9,1,0
BRDA:85,10,0,0
BRDA:85,10,1,0
BRDA:88,11,0,0
BRDA:88,11,1,0
BRF:23
BRH:0
end_of_record
TN:
SF:shared/services/index.ts
FN:2,(anonymous_0)
FN:3,(anonymous_1)
FN:4,(anonymous_2)
FN:5,(anonymous_3)
FNF:4
FNH:0
FNDA:0,(anonymous_0)
FNDA:0,(anonymous_1)
FNDA:0,(anonymous_2)
FNDA:0,(anonymous_3)
DA:2,0
DA:3,0
DA:4,0
DA:5,0
LF:4
LH:0
BRF:0
BRH:0
end_of_record
TN:
SF:shared/services/twilio-client.ts
FN:25,(anonymous_1)
FN:34,(anonymous_2)
FN:64,(anonymous_3)
FN:74,(anonymous_4)
FNF:4
FNH:0
FNDA:0,(anonymous_1)
FNDA:0,(anonymous_2)
FNDA:0,(anonymous_3)
FNDA:0,(anonymous_4)
DA:1,1
DA:21,1
DA:26,0
DA:27,0
DA:35,0
DA:37,0
DA:38,0
DA:41,0
DA:47,0
DA:53,0
DA:54,0
DA:56,0
DA:66,0
DA:67,0
DA:76,0
DA:79,0
DA:80,0
DA:84,0
LF:18
LH:2
BRDA:37,0,0,0
BRDA:53,1,0,0
BRDA:74,2,0,0
BRDA:79,3,0,0
BRF:4
BRH:0
end_of_record
TN:
SF:shared/utils/index.ts
FN:3,generateScanId
FN:7,validateE164Phone
FN:12,getCurrentYear
FN:16,calculateQuotaPercentage
FNF:4
FNH:0
FNDA:0,generateScanId
FNDA:0,validateE164Phone
FNDA:0,getCurrentYear
FNDA:0,calculateQuotaPercentage
DA:3,0
DA:4,0
DA:7,0
DA:8,0
DA:9,0
DA:12,0
DA:13,0
DA:16,0
DA:17,0
DA:21,0
LF:10
LH:0
BRF:0
BRH:0
end_of_record
TN:
SF:shared/utils/validation.ts
FN:17,(anonymous_0)
FN:63,validateRequest
FN:71,safeValidateRequest
FN:85,formatValidationError
FN:93,(anonymous_4)
FNF:5
FNH:4
FNDA:3,(anonymous_0)
FNDA:0,validateRequest
FNDA:3,safeValidateRequest
FNDA:3,formatValidationError
FNDA:6,(anonymous_4)
DA:1,1
DA:9,1
DA:15,1
DA:19,3
DA:34,1
DA:41,1
DA:48,1
DA:55,1
DA:63,1
DA:64,0
DA:71,1
DA:75,3
DA:76,3
DA:77,0
DA:79,3
DA:85,1
DA:90,3
DA:93,6
LF:18
LH:16
BRDA:19,0,0,3
BRDA:19,0,1,3
BRDA:19,0,2,3
BRDA:76,1,0,0
BRF:4
BRH:3
end_of_record
